ISim log file
Running: /home/ise/Desktop/fft_direct/tb_spectra_isim_beh.exe -intstyle ise -gui -tclbatch isim.cmd -wdb /home/ise/Desktop/fft_direct/tb_spectra_isim_beh.wdb 
ISim P.20131013 (signature 0xfbc00daa)
----------------------------------------------------------------------
WARNING:Security:42 - Your software subscription period has lapsed. Your current version of Xilinx tools will continue to function, but you no longer qualify for Xilinx software updates or new releases.


----------------------------------------------------------------------
This is a Full version of ISim.
Time resolution is 1 ps
# onerror resume
# wave add /
# run 1000 ns
Simulator is doing circuit initialization process.
at 0 ps: Note: WARNING: Behavioral models for independent clock FIFO configurations do not model synchronization delays. The behavioral models are functionally correct, and will represent the behavior of the configured FIFO. See the FIFO Generator User Guide for more information. (/tb_spectra/UUT/u_fifo/U0/gconvfifo/inst_conv_fifo/).
at 0 ps: Note: WARNING: Behavioral models for independent clock FIFO configurations do not model synchronization delays. The behavioral models are functionally correct, and will represent the behavior of the configured FIFO. See the FIFO Generator User Guide for more information. (/tb_spectra/UUT/u_comm_fifo/U0/gconvfifo/inst_conv_fifo/).
Finished circuit initialization process.
at 0 ps, Instance /tb_spectra/UUT/u_complex_magnitude/mult_real/U0/ : Warning: There is an 'U'|'X'|'W'|'Z'|'-' in an arithmetic operand, the result will be 'X'(es).
at 0 ps, Instance /tb_spectra/UUT/u_fft/blk00000001_blk00002bba/ : Warning: There is an 'U'|'X'|'W'|'Z'|'-' in an arithmetic operand, the result will be 'X'(es).
at 0 ps, Instance /tb_spectra/UUT/u_fft/blk00000001_blk00002bba/ : Warning: There is an 'U'|'X'|'W'|'Z'|'-' in an arithmetic operand, the result will be 'X'(es).
at 0 ps, Instance /tb_spectra/UUT/u_fft/blk00000001_blk00002bba/ : Warning: There is an 'U'|'X'|'W'|'Z'|'-' in an arithmetic operand, the result will be 'X'(es).
at 0 ps, Instance /tb_spectra/UUT/u_fft/blk00000001_blk00002b51/ : Warning: There is an 'U'|'X'|'W'|'Z'|'-' in an arithmetic operand, the result will be 'X'(es).
at 0 ps, Instance /tb_spectra/UUT/u_fft/blk00000001_blk00002b51/ : Warning: There is an 'U'|'X'|'W'|'Z'|'-' in an arithmetic operand, the result will be 'X'(es).
at 0 ps, Instance /tb_spectra/UUT/u_fft/blk00000001_blk00002b51/ : Warning: There is an 'U'|'X'|'W'|'Z'|'-' in an arithmetic operand, the result will be 'X'(es).
at 0 ps, Instance /tb_spectra/UUT/u_fft/blk00000001_blk00002a4a/ : Warning: There is an 'U'|'X'|'W'|'Z'|'-' in an arithmetic operand, the result will be 'X'(es).
at 0 ps, Instance /tb_spectra/UUT/u_fft/blk00000001_blk00002a4a/ : Warning: There is an 'U'|'X'|'W'|'Z'|'-' in an arithmetic operand, the result will be 'X'(es).
at 0 ps, Instance /tb_spectra/UUT/u_fft/blk00000001_blk00002a4a/ : Warning: There is an 'U'|'X'|'W'|'Z'|'-' in an arithmetic operand, the result will be 'X'(es).
at 100 ps(3), Instance /tb_spectra/UUT/u_fft/blk00000001_blk00002bba/ : Warning: There is an 'U'|'X'|'W'|'Z'|'-' in an arithmetic operand, the result will be 'X'(es).
at 100 ps(3), Instance /tb_spectra/UUT/u_fft/blk00000001_blk00002bba/ : Warning: There is an 'U'|'X'|'W'|'Z'|'-' in an arithmetic operand, the result will be 'X'(es).
at 100 ps(3), Instance /tb_spectra/UUT/u_fft/blk00000001_blk00002bba/ : Warning: There is an 'U'|'X'|'W'|'Z'|'-' in an arithmetic operand, the result will be 'X'(es).
at 100 ps(3), Instance /tb_spectra/UUT/u_fft/blk00000001_blk00002b51/ : Warning: There is an 'U'|'X'|'W'|'Z'|'-' in an arithmetic operand, the result will be 'X'(es).
at 100 ps(3), Instance /tb_spectra/UUT/u_fft/blk00000001_blk00002b51/ : Warning: There is an 'U'|'X'|'W'|'Z'|'-' in an arithmetic operand, the result will be 'X'(es).
at 100 ps(3), Instance /tb_spectra/UUT/u_fft/blk00000001_blk00002b51/ : Warning: There is an 'U'|'X'|'W'|'Z'|'-' in an arithmetic operand, the result will be 'X'(es).
at 100 ps(3), Instance /tb_spectra/UUT/u_fft/blk00000001_blk00002a4a/ : Warning: There is an 'U'|'X'|'W'|'Z'|'-' in an arithmetic operand, the result will be 'X'(es).
at 100 ps(3), Instance /tb_spectra/UUT/u_fft/blk00000001_blk00002a4a/ : Warning: There is an 'U'|'X'|'W'|'Z'|'-' in an arithmetic operand, the result will be 'X'(es).
at 100 ps(3), Instance /tb_spectra/UUT/u_fft/blk00000001_blk00002a4a/ : Warning: There is an 'U'|'X'|'W'|'Z'|'-' in an arithmetic operand, the result will be 'X'(es).
at 132500 ps(8), Instance /tb_spectra/UUT/u_fft/blk00000001_blk00000923/ : Warning: There is an 'U'|'X'|'W'|'Z'|'-' in an arithmetic operand, the result will be 'X'(es).
at 132500 ps(8), Instance /tb_spectra/UUT/u_fft/blk00000001_blk00000923/ : Warning: There is an 'U'|'X'|'W'|'Z'|'-' in an arithmetic operand, the result will be 'X'(es).
at 132500 ps(8), Instance /tb_spectra/UUT/u_fft/blk00000001_blk00000923/ : Warning: There is an 'U'|'X'|'W'|'Z'|'-' in an arithmetic operand, the result will be 'X'(es).
at 142500 ps(8), Instance /tb_spectra/UUT/u_fft/blk00000001_blk00000924/ : Warning: There is an 'U'|'X'|'W'|'Z'|'-' in an arithmetic operand, the result will be 'X'(es).
at 142500 ps(8), Instance /tb_spectra/UUT/u_fft/blk00000001_blk00000924/ : Warning: There is an 'U'|'X'|'W'|'Z'|'-' in an arithmetic operand, the result will be 'X'(es).
at 142500 ps(8), Instance /tb_spectra/UUT/u_fft/blk00000001_blk00000924/ : Warning: There is an 'U'|'X'|'W'|'Z'|'-' in an arithmetic operand, the result will be 'X'(es).
at 142500 ps(8), Instance /tb_spectra/UUT/u_fft/blk00000001_blk00000922/ : Warning: There is an 'U'|'X'|'W'|'Z'|'-' in an arithmetic operand, the result will be 'X'(es).
at 142500 ps(8), Instance /tb_spectra/UUT/u_fft/blk00000001_blk00000922/ : Warning: There is an 'U'|'X'|'W'|'Z'|'-' in an arithmetic operand, the result will be 'X'(es).
at 142500 ps(8), Instance /tb_spectra/UUT/u_fft/blk00000001_blk00000922/ : Warning: There is an 'U'|'X'|'W'|'Z'|'-' in an arithmetic operand, the result will be 'X'(es).
at 267500 ps(8), Instance /tb_spectra/UUT/u_fft/blk00000001_blk0000111f/ : Warning: There is an 'U'|'X'|'W'|'Z'|'-' in an arithmetic operand, the result will be 'X'(es).
at 267500 ps(8), Instance /tb_spectra/UUT/u_fft/blk00000001_blk0000111f/ : Warning: There is an 'U'|'X'|'W'|'Z'|'-' in an arithmetic operand, the result will be 'X'(es).
at 267500 ps(8), Instance /tb_spectra/UUT/u_fft/blk00000001_blk0000111f/ : Warning: There is an 'U'|'X'|'W'|'Z'|'-' in an arithmetic operand, the result will be 'X'(es).
at 277500 ps(8), Instance /tb_spectra/UUT/u_fft/blk00000001_blk00001120/ : Warning: There is an 'U'|'X'|'W'|'Z'|'-' in an arithmetic operand, the result will be 'X'(es).
at 277500 ps(8), Instance /tb_spectra/UUT/u_fft/blk00000001_blk00001120/ : Warning: There is an 'U'|'X'|'W'|'Z'|'-' in an arithmetic operand, the result will be 'X'(es).
at 277500 ps(8), Instance /tb_spectra/UUT/u_fft/blk00000001_blk00001120/ : Warning: There is an 'U'|'X'|'W'|'Z'|'-' in an arithmetic operand, the result will be 'X'(es).
at 277500 ps(8), Instance /tb_spectra/UUT/u_fft/blk00000001_blk0000111e/ : Warning: There is an 'U'|'X'|'W'|'Z'|'-' in an arithmetic operand, the result will be 'X'(es).
at 277500 ps(8), Instance /tb_spectra/UUT/u_fft/blk00000001_blk0000111e/ : Warning: There is an 'U'|'X'|'W'|'Z'|'-' in an arithmetic operand, the result will be 'X'(es).
at 277500 ps(8), Instance /tb_spectra/UUT/u_fft/blk00000001_blk0000111e/ : Warning: There is an 'U'|'X'|'W'|'Z'|'-' in an arithmetic operand, the result will be 'X'(es).
at 692500 ps(8), Instance /tb_spectra/UUT/u_fft/blk00000001_blk00001a6f/ : Warning: There is an 'U'|'X'|'W'|'Z'|'-' in an arithmetic operand, the result will be 'X'(es).
at 692500 ps(8), Instance /tb_spectra/UUT/u_fft/blk00000001_blk00001a6f/ : Warning: There is an 'U'|'X'|'W'|'Z'|'-' in an arithmetic operand, the result will be 'X'(es).
at 692500 ps(8), Instance /tb_spectra/UUT/u_fft/blk00000001_blk00001a6f/ : Warning: There is an 'U'|'X'|'W'|'Z'|'-' in an arithmetic operand, the result will be 'X'(es).
at 702500 ps(8), Instance /tb_spectra/UUT/u_fft/blk00000001_blk00001a70/ : Warning: There is an 'U'|'X'|'W'|'Z'|'-' in an arithmetic operand, the result will be 'X'(es).
at 702500 ps(8), Instance /tb_spectra/UUT/u_fft/blk00000001_blk00001a70/ : Warning: There is an 'U'|'X'|'W'|'Z'|'-' in an arithmetic operand, the result will be 'X'(es).
at 702500 ps(8), Instance /tb_spectra/UUT/u_fft/blk00000001_blk00001a70/ : Warning: There is an 'U'|'X'|'W'|'Z'|'-' in an arithmetic operand, the result will be 'X'(es).
at 702500 ps(8), Instance /tb_spectra/UUT/u_fft/blk00000001_blk00001a6e/ : Warning: There is an 'U'|'X'|'W'|'Z'|'-' in an arithmetic operand, the result will be 'X'(es).
at 702500 ps(8), Instance /tb_spectra/UUT/u_fft/blk00000001_blk00001a6e/ : Warning: There is an 'U'|'X'|'W'|'Z'|'-' in an arithmetic operand, the result will be 'X'(es).
at 702500 ps(8), Instance /tb_spectra/UUT/u_fft/blk00000001_blk00001a6e/ : Warning: There is an 'U'|'X'|'W'|'Z'|'-' in an arithmetic operand, the result will be 'X'(es).
# restart
# run 1.00us
Simulator is doing circuit initialization process.
at 0 ps: Note: WARNING: Behavioral models for independent clock FIFO configurations do not model synchronization delays. The behavioral models are functionally correct, and will represent the behavior of the configured FIFO. See the FIFO Generator User Guide for more information. (/tb_spectra/UUT/u_fifo/U0/gconvfifo/inst_conv_fifo/).
at 0 ps: Note: WARNING: Behavioral models for independent clock FIFO configurations do not model synchronization delays. The behavioral models are functionally correct, and will represent the behavior of the configured FIFO. See the FIFO Generator User Guide for more information. (/tb_spectra/UUT/u_comm_fifo/U0/gconvfifo/inst_conv_fifo/).
Finished circuit initialization process.
at 0 ps, Instance /tb_spectra/UUT/u_fft/blk00000001_blk00002bba/ : Warning: There is an 'U'|'X'|'W'|'Z'|'-' in an arithmetic operand, the result will be 'X'(es).
at 0 ps, Instance /tb_spectra/UUT/u_fft/blk00000001_blk00002bba/ : Warning: There is an 'U'|'X'|'W'|'Z'|'-' in an arithmetic operand, the result will be 'X'(es).
at 0 ps, Instance /tb_spectra/UUT/u_fft/blk00000001_blk00002bba/ : Warning: There is an 'U'|'X'|'W'|'Z'|'-' in an arithmetic operand, the result will be 'X'(es).
at 0 ps, Instance /tb_spectra/UUT/u_fft/blk00000001_blk00002b51/ : Warning: There is an 'U'|'X'|'W'|'Z'|'-' in an arithmetic operand, the result will be 'X'(es).
at 0 ps, Instance /tb_spectra/UUT/u_fft/blk00000001_blk00002b51/ : Warning: There is an 'U'|'X'|'W'|'Z'|'-' in an arithmetic operand, the result will be 'X'(es).
at 0 ps, Instance /tb_spectra/UUT/u_fft/blk00000001_blk00002b51/ : Warning: There is an 'U'|'X'|'W'|'Z'|'-' in an arithmetic operand, the result will be 'X'(es).
at 0 ps, Instance /tb_spectra/UUT/u_fft/blk00000001_blk00002a4a/ : Warning: There is an 'U'|'X'|'W'|'Z'|'-' in an arithmetic operand, the result will be 'X'(es).
at 0 ps, Instance /tb_spectra/UUT/u_fft/blk00000001_blk00002a4a/ : Warning: There is an 'U'|'X'|'W'|'Z'|'-' in an arithmetic operand, the result will be 'X'(es).
at 0 ps, Instance /tb_spectra/UUT/u_fft/blk00000001_blk00002a4a/ : Warning: There is an 'U'|'X'|'W'|'Z'|'-' in an arithmetic operand, the result will be 'X'(es).
at 100 ps(3), Instance /tb_spectra/UUT/u_fft/blk00000001_blk00002bba/ : Warning: There is an 'U'|'X'|'W'|'Z'|'-' in an arithmetic operand, the result will be 'X'(es).
at 100 ps(3), Instance /tb_spectra/UUT/u_fft/blk00000001_blk00002bba/ : Warning: There is an 'U'|'X'|'W'|'Z'|'-' in an arithmetic operand, the result will be 'X'(es).
at 100 ps(3), Instance /tb_spectra/UUT/u_fft/blk00000001_blk00002bba/ : Warning: There is an 'U'|'X'|'W'|'Z'|'-' in an arithmetic operand, the result will be 'X'(es).
at 100 ps(3), Instance /tb_spectra/UUT/u_fft/blk00000001_blk00002b51/ : Warning: There is an 'U'|'X'|'W'|'Z'|'-' in an arithmetic operand, the result will be 'X'(es).
at 100 ps(3), Instance /tb_spectra/UUT/u_fft/blk00000001_blk00002b51/ : Warning: There is an 'U'|'X'|'W'|'Z'|'-' in an arithmetic operand, the result will be 'X'(es).
at 100 ps(3), Instance /tb_spectra/UUT/u_fft/blk00000001_blk00002b51/ : Warning: There is an 'U'|'X'|'W'|'Z'|'-' in an arithmetic operand, the result will be 'X'(es).
at 100 ps(3), Instance /tb_spectra/UUT/u_fft/blk00000001_blk00002a4a/ : Warning: There is an 'U'|'X'|'W'|'Z'|'-' in an arithmetic operand, the result will be 'X'(es).
at 100 ps(3), Instance /tb_spectra/UUT/u_fft/blk00000001_blk00002a4a/ : Warning: There is an 'U'|'X'|'W'|'Z'|'-' in an arithmetic operand, the result will be 'X'(es).
at 100 ps(3), Instance /tb_spectra/UUT/u_fft/blk00000001_blk00002a4a/ : Warning: There is an 'U'|'X'|'W'|'Z'|'-' in an arithmetic operand, the result will be 'X'(es).
at 132500 ps(8), Instance /tb_spectra/UUT/u_fft/blk00000001_blk00000923/ : Warning: There is an 'U'|'X'|'W'|'Z'|'-' in an arithmetic operand, the result will be 'X'(es).
at 132500 ps(8), Instance /tb_spectra/UUT/u_fft/blk00000001_blk00000923/ : Warning: There is an 'U'|'X'|'W'|'Z'|'-' in an arithmetic operand, the result will be 'X'(es).
at 132500 ps(8), Instance /tb_spectra/UUT/u_fft/blk00000001_blk00000923/ : Warning: There is an 'U'|'X'|'W'|'Z'|'-' in an arithmetic operand, the result will be 'X'(es).
at 142500 ps(8), Instance /tb_spectra/UUT/u_fft/blk00000001_blk00000924/ : Warning: There is an 'U'|'X'|'W'|'Z'|'-' in an arithmetic operand, the result will be 'X'(es).
at 142500 ps(8), Instance /tb_spectra/UUT/u_fft/blk00000001_blk00000924/ : Warning: There is an 'U'|'X'|'W'|'Z'|'-' in an arithmetic operand, the result will be 'X'(es).
at 142500 ps(8), Instance /tb_spectra/UUT/u_fft/blk00000001_blk00000924/ : Warning: There is an 'U'|'X'|'W'|'Z'|'-' in an arithmetic operand, the result will be 'X'(es).
at 142500 ps(8), Instance /tb_spectra/UUT/u_fft/blk00000001_blk00000922/ : Warning: There is an 'U'|'X'|'W'|'Z'|'-' in an arithmetic operand, the result will be 'X'(es).
at 142500 ps(8), Instance /tb_spectra/UUT/u_fft/blk00000001_blk00000922/ : Warning: There is an 'U'|'X'|'W'|'Z'|'-' in an arithmetic operand, the result will be 'X'(es).
at 142500 ps(8), Instance /tb_spectra/UUT/u_fft/blk00000001_blk00000922/ : Warning: There is an 'U'|'X'|'W'|'Z'|'-' in an arithmetic operand, the result will be 'X'(es).
at 267500 ps(8), Instance /tb_spectra/UUT/u_fft/blk00000001_blk0000111f/ : Warning: There is an 'U'|'X'|'W'|'Z'|'-' in an arithmetic operand, the result will be 'X'(es).
at 267500 ps(8), Instance /tb_spectra/UUT/u_fft/blk00000001_blk0000111f/ : Warning: There is an 'U'|'X'|'W'|'Z'|'-' in an arithmetic operand, the result will be 'X'(es).
at 267500 ps(8), Instance /tb_spectra/UUT/u_fft/blk00000001_blk0000111f/ : Warning: There is an 'U'|'X'|'W'|'Z'|'-' in an arithmetic operand, the result will be 'X'(es).
at 277500 ps(8), Instance /tb_spectra/UUT/u_fft/blk00000001_blk00001120/ : Warning: There is an 'U'|'X'|'W'|'Z'|'-' in an arithmetic operand, the result will be 'X'(es).
at 277500 ps(8), Instance /tb_spectra/UUT/u_fft/blk00000001_blk00001120/ : Warning: There is an 'U'|'X'|'W'|'Z'|'-' in an arithmetic operand, the result will be 'X'(es).
at 277500 ps(8), Instance /tb_spectra/UUT/u_fft/blk00000001_blk00001120/ : Warning: There is an 'U'|'X'|'W'|'Z'|'-' in an arithmetic operand, the result will be 'X'(es).
at 277500 ps(8), Instance /tb_spectra/UUT/u_fft/blk00000001_blk0000111e/ : Warning: There is an 'U'|'X'|'W'|'Z'|'-' in an arithmetic operand, the result will be 'X'(es).
at 277500 ps(8), Instance /tb_spectra/UUT/u_fft/blk00000001_blk0000111e/ : Warning: There is an 'U'|'X'|'W'|'Z'|'-' in an arithmetic operand, the result will be 'X'(es).
at 277500 ps(8), Instance /tb_spectra/UUT/u_fft/blk00000001_blk0000111e/ : Warning: There is an 'U'|'X'|'W'|'Z'|'-' in an arithmetic operand, the result will be 'X'(es).
at 692500 ps(8), Instance /tb_spectra/UUT/u_fft/blk00000001_blk00001a6f/ : Warning: There is an 'U'|'X'|'W'|'Z'|'-' in an arithmetic operand, the result will be 'X'(es).
at 692500 ps(8), Instance /tb_spectra/UUT/u_fft/blk00000001_blk00001a6f/ : Warning: There is an 'U'|'X'|'W'|'Z'|'-' in an arithmetic operand, the result will be 'X'(es).
at 692500 ps(8), Instance /tb_spectra/UUT/u_fft/blk00000001_blk00001a6f/ : Warning: There is an 'U'|'X'|'W'|'Z'|'-' in an arithmetic operand, the result will be 'X'(es).
at 702500 ps(8), Instance /tb_spectra/UUT/u_fft/blk00000001_blk00001a70/ : Warning: There is an 'U'|'X'|'W'|'Z'|'-' in an arithmetic operand, the result will be 'X'(es).
at 702500 ps(8), Instance /tb_spectra/UUT/u_fft/blk00000001_blk00001a70/ : Warning: There is an 'U'|'X'|'W'|'Z'|'-' in an arithmetic operand, the result will be 'X'(es).
at 702500 ps(8), Instance /tb_spectra/UUT/u_fft/blk00000001_blk00001a70/ : Warning: There is an 'U'|'X'|'W'|'Z'|'-' in an arithmetic operand, the result will be 'X'(es).
at 702500 ps(8), Instance /tb_spectra/UUT/u_fft/blk00000001_blk00001a6e/ : Warning: There is an 'U'|'X'|'W'|'Z'|'-' in an arithmetic operand, the result will be 'X'(es).
at 702500 ps(8), Instance /tb_spectra/UUT/u_fft/blk00000001_blk00001a6e/ : Warning: There is an 'U'|'X'|'W'|'Z'|'-' in an arithmetic operand, the result will be 'X'(es).
at 702500 ps(8), Instance /tb_spectra/UUT/u_fft/blk00000001_blk00001a6e/ : Warning: There is an 'U'|'X'|'W'|'Z'|'-' in an arithmetic operand, the result will be 'X'(es).
# run 200.00us
at 1272500 ps(8), Instance /tb_spectra/UUT/u_fft/blk00000001_blk00002a49/ : Warning: There is an 'U'|'X'|'W'|'Z'|'-' in an arithmetic operand, the result will be 'X'(es).
at 1272500 ps(8), Instance /tb_spectra/UUT/u_fft/blk00000001_blk00002a49/ : Warning: There is an 'U'|'X'|'W'|'Z'|'-' in an arithmetic operand, the result will be 'X'(es).
at 1272500 ps(8), Instance /tb_spectra/UUT/u_fft/blk00000001_blk00002a49/ : Warning: There is an 'U'|'X'|'W'|'Z'|'-' in an arithmetic operand, the result will be 'X'(es).
at 1277500 ps(8), Instance /tb_spectra/UUT/u_fft/blk00000001_blk00002a4a/ : Warning: There is an 'U'|'X'|'W'|'Z'|'-' in an arithmetic operand, the result will be 'X'(es).
at 1277500 ps(8), Instance /tb_spectra/UUT/u_fft/blk00000001_blk00002a4a/ : Warning: There is an 'U'|'X'|'W'|'Z'|'-' in an arithmetic operand, the result will be 'X'(es).
at 1277500 ps(8), Instance /tb_spectra/UUT/u_fft/blk00000001_blk00002a4a/ : Warning: There is an 'U'|'X'|'W'|'Z'|'-' in an arithmetic operand, the result will be 'X'(es).
at 1277600 ps(3), Instance /tb_spectra/UUT/u_fft/blk00000001_blk00002a4a/ : Warning: There is an 'U'|'X'|'W'|'Z'|'-' in an arithmetic operand, the result will be 'X'(es).
at 1277600 ps(3), Instance /tb_spectra/UUT/u_fft/blk00000001_blk00002a4a/ : Warning: There is an 'U'|'X'|'W'|'Z'|'-' in an arithmetic operand, the result will be 'X'(es).
at 1277600 ps(3), Instance /tb_spectra/UUT/u_fft/blk00000001_blk00002a4a/ : Warning: There is an 'U'|'X'|'W'|'Z'|'-' in an arithmetic operand, the result will be 'X'(es).
at 1277600 ps(4), Instance /tb_spectra/UUT/u_fft/blk00000001_blk00002a4a/ : Warning: There is an 'U'|'X'|'W'|'Z'|'-' in an arithmetic operand, the result will be 'X'(es).
at 1277600 ps(4), Instance /tb_spectra/UUT/u_fft/blk00000001_blk00002a4a/ : Warning: There is an 'U'|'X'|'W'|'Z'|'-' in an arithmetic operand, the result will be 'X'(es).
at 1277600 ps(4), Instance /tb_spectra/UUT/u_fft/blk00000001_blk00002a4a/ : Warning: There is an 'U'|'X'|'W'|'Z'|'-' in an arithmetic operand, the result will be 'X'(es).
at 1287500 ps(8), Instance /tb_spectra/UUT/u_fft/blk00000001_blk00002bbb/ : Warning: There is an 'U'|'X'|'W'|'Z'|'-' in an arithmetic operand, the result will be 'X'(es).
at 1287500 ps(8), Instance /tb_spectra/UUT/u_fft/blk00000001_blk00002bbb/ : Warning: There is an 'U'|'X'|'W'|'Z'|'-' in an arithmetic operand, the result will be 'X'(es).
at 1287500 ps(8), Instance /tb_spectra/UUT/u_fft/blk00000001_blk00002bbb/ : Warning: There is an 'U'|'X'|'W'|'Z'|'-' in an arithmetic operand, the result will be 'X'(es).
at 1287500 ps(8), Instance /tb_spectra/UUT/u_fft/blk00000001_blk00002b52/ : Warning: There is an 'U'|'X'|'W'|'Z'|'-' in an arithmetic operand, the result will be 'X'(es).
at 1287500 ps(8), Instance /tb_spectra/UUT/u_fft/blk00000001_blk00002b52/ : Warning: There is an 'U'|'X'|'W'|'Z'|'-' in an arithmetic operand, the result will be 'X'(es).
at 1287500 ps(8), Instance /tb_spectra/UUT/u_fft/blk00000001_blk00002b52/ : Warning: There is an 'U'|'X'|'W'|'Z'|'-' in an arithmetic operand, the result will be 'X'(es).
at 1292500 ps(8), Instance /tb_spectra/UUT/u_fft/blk00000001_blk00002bba/ : Warning: There is an 'U'|'X'|'W'|'Z'|'-' in an arithmetic operand, the result will be 'X'(es).
at 1292500 ps(8), Instance /tb_spectra/UUT/u_fft/blk00000001_blk00002bba/ : Warning: There is an 'U'|'X'|'W'|'Z'|'-' in an arithmetic operand, the result will be 'X'(es).
at 1292500 ps(8), Instance /tb_spectra/UUT/u_fft/blk00000001_blk00002bba/ : Warning: There is an 'U'|'X'|'W'|'Z'|'-' in an arithmetic operand, the result will be 'X'(es).
at 1292500 ps(8), Instance /tb_spectra/UUT/u_fft/blk00000001_blk00002b51/ : Warning: There is an 'U'|'X'|'W'|'Z'|'-' in an arithmetic operand, the result will be 'X'(es).
at 1292500 ps(8), Instance /tb_spectra/UUT/u_fft/blk00000001_blk00002b51/ : Warning: There is an 'U'|'X'|'W'|'Z'|'-' in an arithmetic operand, the result will be 'X'(es).
at 1292500 ps(8), Instance /tb_spectra/UUT/u_fft/blk00000001_blk00002b51/ : Warning: There is an 'U'|'X'|'W'|'Z'|'-' in an arithmetic operand, the result will be 'X'(es).
at 1292600 ps(3), Instance /tb_spectra/UUT/u_fft/blk00000001_blk00002bba/ : Warning: There is an 'U'|'X'|'W'|'Z'|'-' in an arithmetic operand, the result will be 'X'(es).
at 1292600 ps(3), Instance /tb_spectra/UUT/u_fft/blk00000001_blk00002bba/ : Warning: There is an 'U'|'X'|'W'|'Z'|'-' in an arithmetic operand, the result will be 'X'(es).
at 1292600 ps(3), Instance /tb_spectra/UUT/u_fft/blk00000001_blk00002bba/ : Warning: There is an 'U'|'X'|'W'|'Z'|'-' in an arithmetic operand, the result will be 'X'(es).
at 1292600 ps(4), Instance /tb_spectra/UUT/u_fft/blk00000001_blk00002bba/ : Warning: There is an 'U'|'X'|'W'|'Z'|'-' in an arithmetic operand, the result will be 'X'(es).
at 1292600 ps(4), Instance /tb_spectra/UUT/u_fft/blk00000001_blk00002bba/ : Warning: There is an 'U'|'X'|'W'|'Z'|'-' in an arithmetic operand, the result will be 'X'(es).
at 1292600 ps(4), Instance /tb_spectra/UUT/u_fft/blk00000001_blk00002bba/ : Warning: There is an 'U'|'X'|'W'|'Z'|'-' in an arithmetic operand, the result will be 'X'(es).
at 41282500 ps(6), Instance /tb_spectra/UUT/u_fft/blk00000001_blk00000923/ : Warning: There is an 'U'|'X'|'W'|'Z'|'-' in an arithmetic operand, the result will be 'X'(es).
at 41282500 ps(6), Instance /tb_spectra/UUT/u_fft/blk00000001_blk00000923/ : Warning: There is an 'U'|'X'|'W'|'Z'|'-' in an arithmetic operand, the result will be 'X'(es).
at 41282500 ps(6), Instance /tb_spectra/UUT/u_fft/blk00000001_blk00000923/ : Warning: There is an 'U'|'X'|'W'|'Z'|'-' in an arithmetic operand, the result will be 'X'(es).
at 41292500 ps(6), Instance /tb_spectra/UUT/u_fft/blk00000001_blk00000924/ : Warning: There is an 'U'|'X'|'W'|'Z'|'-' in an arithmetic operand, the result will be 'X'(es).
at 41292500 ps(6), Instance /tb_spectra/UUT/u_fft/blk00000001_blk00000924/ : Warning: There is an 'U'|'X'|'W'|'Z'|'-' in an arithmetic operand, the result will be 'X'(es).
at 41292500 ps(6), Instance /tb_spectra/UUT/u_fft/blk00000001_blk00000924/ : Warning: There is an 'U'|'X'|'W'|'Z'|'-' in an arithmetic operand, the result will be 'X'(es).
at 41292500 ps(6), Instance /tb_spectra/UUT/u_fft/blk00000001_blk00000922/ : Warning: There is an 'U'|'X'|'W'|'Z'|'-' in an arithmetic operand, the result will be 'X'(es).
at 41292500 ps(6), Instance /tb_spectra/UUT/u_fft/blk00000001_blk00000922/ : Warning: There is an 'U'|'X'|'W'|'Z'|'-' in an arithmetic operand, the result will be 'X'(es).
at 41292500 ps(6), Instance /tb_spectra/UUT/u_fft/blk00000001_blk00000922/ : Warning: There is an 'U'|'X'|'W'|'Z'|'-' in an arithmetic operand, the result will be 'X'(es).
at 41292500 ps(7), Instance /tb_spectra/UUT/u_fft/blk00000001_blk00000924/ : Warning: There is an 'U'|'X'|'W'|'Z'|'-' in an arithmetic operand, the result will be 'X'(es).
at 41292500 ps(7), Instance /tb_spectra/UUT/u_fft/blk00000001_blk00000924/ : Warning: There is an 'U'|'X'|'W'|'Z'|'-' in an arithmetic operand, the result will be 'X'(es).
at 41292500 ps(7), Instance /tb_spectra/UUT/u_fft/blk00000001_blk00000924/ : Warning: There is an 'U'|'X'|'W'|'Z'|'-' in an arithmetic operand, the result will be 'X'(es).
at 41292500 ps(7), Instance /tb_spectra/UUT/u_fft/blk00000001_blk00000922/ : Warning: There is an 'U'|'X'|'W'|'Z'|'-' in an arithmetic operand, the result will be 'X'(es).
at 41292500 ps(7), Instance /tb_spectra/UUT/u_fft/blk00000001_blk00000922/ : Warning: There is an 'U'|'X'|'W'|'Z'|'-' in an arithmetic operand, the result will be 'X'(es).
at 41292500 ps(7), Instance /tb_spectra/UUT/u_fft/blk00000001_blk00000922/ : Warning: There is an 'U'|'X'|'W'|'Z'|'-' in an arithmetic operand, the result will be 'X'(es).
at 41417500 ps(6), Instance /tb_spectra/UUT/u_fft/blk00000001_blk0000111f/ : Warning: There is an 'U'|'X'|'W'|'Z'|'-' in an arithmetic operand, the result will be 'X'(es).
at 41417500 ps(6), Instance /tb_spectra/UUT/u_fft/blk00000001_blk0000111f/ : Warning: There is an 'U'|'X'|'W'|'Z'|'-' in an arithmetic operand, the result will be 'X'(es).
at 41417500 ps(6), Instance /tb_spectra/UUT/u_fft/blk00000001_blk0000111f/ : Warning: There is an 'U'|'X'|'W'|'Z'|'-' in an arithmetic operand, the result will be 'X'(es).
at 41427500 ps(6), Instance /tb_spectra/UUT/u_fft/blk00000001_blk00001120/ : Warning: There is an 'U'|'X'|'W'|'Z'|'-' in an arithmetic operand, the result will be 'X'(es).
at 41427500 ps(6), Instance /tb_spectra/UUT/u_fft/blk00000001_blk00001120/ : Warning: There is an 'U'|'X'|'W'|'Z'|'-' in an arithmetic operand, the result will be 'X'(es).
at 41427500 ps(6), Instance /tb_spectra/UUT/u_fft/blk00000001_blk00001120/ : Warning: There is an 'U'|'X'|'W'|'Z'|'-' in an arithmetic operand, the result will be 'X'(es).
at 41427500 ps(6), Instance /tb_spectra/UUT/u_fft/blk00000001_blk0000111e/ : Warning: There is an 'U'|'X'|'W'|'Z'|'-' in an arithmetic operand, the result will be 'X'(es).
at 41427500 ps(6), Instance /tb_spectra/UUT/u_fft/blk00000001_blk0000111e/ : Warning: There is an 'U'|'X'|'W'|'Z'|'-' in an arithmetic operand, the result will be 'X'(es).
at 41427500 ps(6), Instance /tb_spectra/UUT/u_fft/blk00000001_blk0000111e/ : Warning: There is an 'U'|'X'|'W'|'Z'|'-' in an arithmetic operand, the result will be 'X'(es).
at 41427500 ps(7), Instance /tb_spectra/UUT/u_fft/blk00000001_blk00001120/ : Warning: There is an 'U'|'X'|'W'|'Z'|'-' in an arithmetic operand, the result will be 'X'(es).
at 41427500 ps(7), Instance /tb_spectra/UUT/u_fft/blk00000001_blk00001120/ : Warning: There is an 'U'|'X'|'W'|'Z'|'-' in an arithmetic operand, the result will be 'X'(es).
at 41427500 ps(7), Instance /tb_spectra/UUT/u_fft/blk00000001_blk00001120/ : Warning: There is an 'U'|'X'|'W'|'Z'|'-' in an arithmetic operand, the result will be 'X'(es).
at 41427500 ps(7), Instance /tb_spectra/UUT/u_fft/blk00000001_blk0000111e/ : Warning: There is an 'U'|'X'|'W'|'Z'|'-' in an arithmetic operand, the result will be 'X'(es).
at 41427500 ps(7), Instance /tb_spectra/UUT/u_fft/blk00000001_blk0000111e/ : Warning: There is an 'U'|'X'|'W'|'Z'|'-' in an arithmetic operand, the result will be 'X'(es).
at 41427500 ps(7), Instance /tb_spectra/UUT/u_fft/blk00000001_blk0000111e/ : Warning: There is an 'U'|'X'|'W'|'Z'|'-' in an arithmetic operand, the result will be 'X'(es).
at 41842500 ps(6), Instance /tb_spectra/UUT/u_fft/blk00000001_blk00001a6f/ : Warning: There is an 'U'|'X'|'W'|'Z'|'-' in an arithmetic operand, the result will be 'X'(es).
at 41842500 ps(6), Instance /tb_spectra/UUT/u_fft/blk00000001_blk00001a6f/ : Warning: There is an 'U'|'X'|'W'|'Z'|'-' in an arithmetic operand, the result will be 'X'(es).
at 41842500 ps(6), Instance /tb_spectra/UUT/u_fft/blk00000001_blk00001a6f/ : Warning: There is an 'U'|'X'|'W'|'Z'|'-' in an arithmetic operand, the result will be 'X'(es).
at 41852500 ps(6), Instance /tb_spectra/UUT/u_fft/blk00000001_blk00001a70/ : Warning: There is an 'U'|'X'|'W'|'Z'|'-' in an arithmetic operand, the result will be 'X'(es).
at 41852500 ps(6), Instance /tb_spectra/UUT/u_fft/blk00000001_blk00001a70/ : Warning: There is an 'U'|'X'|'W'|'Z'|'-' in an arithmetic operand, the result will be 'X'(es).
at 41852500 ps(6), Instance /tb_spectra/UUT/u_fft/blk00000001_blk00001a70/ : Warning: There is an 'U'|'X'|'W'|'Z'|'-' in an arithmetic operand, the result will be 'X'(es).
at 41852500 ps(6), Instance /tb_spectra/UUT/u_fft/blk00000001_blk00001a6e/ : Warning: There is an 'U'|'X'|'W'|'Z'|'-' in an arithmetic operand, the result will be 'X'(es).
at 41852500 ps(6), Instance /tb_spectra/UUT/u_fft/blk00000001_blk00001a6e/ : Warning: There is an 'U'|'X'|'W'|'Z'|'-' in an arithmetic operand, the result will be 'X'(es).
at 41852500 ps(6), Instance /tb_spectra/UUT/u_fft/blk00000001_blk00001a6e/ : Warning: There is an 'U'|'X'|'W'|'Z'|'-' in an arithmetic operand, the result will be 'X'(es).
at 41852500 ps(7), Instance /tb_spectra/UUT/u_fft/blk00000001_blk00001a70/ : Warning: There is an 'U'|'X'|'W'|'Z'|'-' in an arithmetic operand, the result will be 'X'(es).
at 41852500 ps(7), Instance /tb_spectra/UUT/u_fft/blk00000001_blk00001a70/ : Warning: There is an 'U'|'X'|'W'|'Z'|'-' in an arithmetic operand, the result will be 'X'(es).
at 41852500 ps(7), Instance /tb_spectra/UUT/u_fft/blk00000001_blk00001a70/ : Warning: There is an 'U'|'X'|'W'|'Z'|'-' in an arithmetic operand, the result will be 'X'(es).
at 41852500 ps(7), Instance /tb_spectra/UUT/u_fft/blk00000001_blk00001a6e/ : Warning: There is an 'U'|'X'|'W'|'Z'|'-' in an arithmetic operand, the result will be 'X'(es).
at 41852500 ps(7), Instance /tb_spectra/UUT/u_fft/blk00000001_blk00001a6e/ : Warning: There is an 'U'|'X'|'W'|'Z'|'-' in an arithmetic operand, the result will be 'X'(es).
at 41852500 ps(7), Instance /tb_spectra/UUT/u_fft/blk00000001_blk00001a6e/ : Warning: There is an 'U'|'X'|'W'|'Z'|'-' in an arithmetic operand, the result will be 'X'(es).
at 42422500 ps(6), Instance /tb_spectra/UUT/u_fft/blk00000001_blk00002a49/ : Warning: There is an 'U'|'X'|'W'|'Z'|'-' in an arithmetic operand, the result will be 'X'(es).
at 42422500 ps(6), Instance /tb_spectra/UUT/u_fft/blk00000001_blk00002a49/ : Warning: There is an 'U'|'X'|'W'|'Z'|'-' in an arithmetic operand, the result will be 'X'(es).
at 42422500 ps(6), Instance /tb_spectra/UUT/u_fft/blk00000001_blk00002a49/ : Warning: There is an 'U'|'X'|'W'|'Z'|'-' in an arithmetic operand, the result will be 'X'(es).
at 42427500 ps(6), Instance /tb_spectra/UUT/u_fft/blk00000001_blk00002a4a/ : Warning: There is an 'U'|'X'|'W'|'Z'|'-' in an arithmetic operand, the result will be 'X'(es).
at 42427500 ps(6), Instance /tb_spectra/UUT/u_fft/blk00000001_blk00002a4a/ : Warning: There is an 'U'|'X'|'W'|'Z'|'-' in an arithmetic operand, the result will be 'X'(es).
at 42427500 ps(6), Instance /tb_spectra/UUT/u_fft/blk00000001_blk00002a4a/ : Warning: There is an 'U'|'X'|'W'|'Z'|'-' in an arithmetic operand, the result will be 'X'(es).
at 42427500 ps(7), Instance /tb_spectra/UUT/u_fft/blk00000001_blk00002a4a/ : Warning: There is an 'U'|'X'|'W'|'Z'|'-' in an arithmetic operand, the result will be 'X'(es).
at 42427500 ps(7), Instance /tb_spectra/UUT/u_fft/blk00000001_blk00002a4a/ : Warning: There is an 'U'|'X'|'W'|'Z'|'-' in an arithmetic operand, the result will be 'X'(es).
at 42427500 ps(7), Instance /tb_spectra/UUT/u_fft/blk00000001_blk00002a4a/ : Warning: There is an 'U'|'X'|'W'|'Z'|'-' in an arithmetic operand, the result will be 'X'(es).
at 42427600 ps(3), Instance /tb_spectra/UUT/u_fft/blk00000001_blk00002a4a/ : Warning: There is an 'U'|'X'|'W'|'Z'|'-' in an arithmetic operand, the result will be 'X'(es).
at 42427600 ps(3), Instance /tb_spectra/UUT/u_fft/blk00000001_blk00002a4a/ : Warning: There is an 'U'|'X'|'W'|'Z'|'-' in an arithmetic operand, the result will be 'X'(es).
at 42427600 ps(3), Instance /tb_spectra/UUT/u_fft/blk00000001_blk00002a4a/ : Warning: There is an 'U'|'X'|'W'|'Z'|'-' in an arithmetic operand, the result will be 'X'(es).
at 42437500 ps(6), Instance /tb_spectra/UUT/u_fft/blk00000001_blk00002bbb/ : Warning: There is an 'U'|'X'|'W'|'Z'|'-' in an arithmetic operand, the result will be 'X'(es).
at 42437500 ps(6), Instance /tb_spectra/UUT/u_fft/blk00000001_blk00002bbb/ : Warning: There is an 'U'|'X'|'W'|'Z'|'-' in an arithmetic operand, the result will be 'X'(es).
at 42437500 ps(6), Instance /tb_spectra/UUT/u_fft/blk00000001_blk00002bbb/ : Warning: There is an 'U'|'X'|'W'|'Z'|'-' in an arithmetic operand, the result will be 'X'(es).
at 42437500 ps(6), Instance /tb_spectra/UUT/u_fft/blk00000001_blk00002b52/ : Warning: There is an 'U'|'X'|'W'|'Z'|'-' in an arithmetic operand, the result will be 'X'(es).
at 42437500 ps(6), Instance /tb_spectra/UUT/u_fft/blk00000001_blk00002b52/ : Warning: There is an 'U'|'X'|'W'|'Z'|'-' in an arithmetic operand, the result will be 'X'(es).
at 42437500 ps(6), Instance /tb_spectra/UUT/u_fft/blk00000001_blk00002b52/ : Warning: There is an 'U'|'X'|'W'|'Z'|'-' in an arithmetic operand, the result will be 'X'(es).
at 42437500 ps(7), Instance /tb_spectra/UUT/u_fft/blk00000001_blk00002bbb/ : Warning: There is an 'U'|'X'|'W'|'Z'|'-' in an arithmetic operand, the result will be 'X'(es).
at 42437500 ps(7), Instance /tb_spectra/UUT/u_fft/blk00000001_blk00002bbb/ : Warning: There is an 'U'|'X'|'W'|'Z'|'-' in an arithmetic operand, the result will be 'X'(es).
at 42437500 ps(7), Instance /tb_spectra/UUT/u_fft/blk00000001_blk00002bbb/ : Warning: There is an 'U'|'X'|'W'|'Z'|'-' in an arithmetic operand, the result will be 'X'(es).
at 42437500 ps(7), Instance /tb_spectra/UUT/u_fft/blk00000001_blk00002b52/ : Warning: There is an 'U'|'X'|'W'|'Z'|'-' in an arithmetic operand, the result will be 'X'(es).
at 42437500 ps(7), Instance /tb_spectra/UUT/u_fft/blk00000001_blk00002b52/ : Warning: There is an 'U'|'X'|'W'|'Z'|'-' in an arithmetic operand, the result will be 'X'(es).
at 42437500 ps(7), Instance /tb_spectra/UUT/u_fft/blk00000001_blk00002b52/ : Warning: There is an 'U'|'X'|'W'|'Z'|'-' in an arithmetic operand, the result will be 'X'(es).
at 42442500 ps(6), Instance /tb_spectra/UUT/u_fft/blk00000001_blk00002bba/ : Warning: There is an 'U'|'X'|'W'|'Z'|'-' in an arithmetic operand, the result will be 'X'(es).
at 42442500 ps(6), Instance /tb_spectra/UUT/u_fft/blk00000001_blk00002bba/ : Warning: There is an 'U'|'X'|'W'|'Z'|'-' in an arithmetic operand, the result will be 'X'(es).
at 42442500 ps(6), Instance /tb_spectra/UUT/u_fft/blk00000001_blk00002bba/ : Warning: There is an 'U'|'X'|'W'|'Z'|'-' in an arithmetic operand, the result will be 'X'(es).
at 42442500 ps(6), Instance /tb_spectra/UUT/u_fft/blk00000001_blk00002b51/ : Warning: There is an 'U'|'X'|'W'|'Z'|'-' in an arithmetic operand, the result will be 'X'(es).
at 42442500 ps(6), Instance /tb_spectra/UUT/u_fft/blk00000001_blk00002b51/ : Warning: There is an 'U'|'X'|'W'|'Z'|'-' in an arithmetic operand, the result will be 'X'(es).
at 42442500 ps(6), Instance /tb_spectra/UUT/u_fft/blk00000001_blk00002b51/ : Warning: There is an 'U'|'X'|'W'|'Z'|'-' in an arithmetic operand, the result will be 'X'(es).
at 42442500 ps(7), Instance /tb_spectra/UUT/u_fft/blk00000001_blk00002bba/ : Warning: There is an 'U'|'X'|'W'|'Z'|'-' in an arithmetic operand, the result will be 'X'(es).
at 42442500 ps(7), Instance /tb_spectra/UUT/u_fft/blk00000001_blk00002bba/ : Warning: There is an 'U'|'X'|'W'|'Z'|'-' in an arithmetic operand, the result will be 'X'(es).
at 42442500 ps(7), Instance /tb_spectra/UUT/u_fft/blk00000001_blk00002bba/ : Warning: There is an 'U'|'X'|'W'|'Z'|'-' in an arithmetic operand, the result will be 'X'(es).
at 42442500 ps(7), Instance /tb_spectra/UUT/u_fft/blk00000001_blk00002b51/ : Warning: There is an 'U'|'X'|'W'|'Z'|'-' in an arithmetic operand, the result will be 'X'(es).
at 42442500 ps(7), Instance /tb_spectra/UUT/u_fft/blk00000001_blk00002b51/ : Warning: There is an 'U'|'X'|'W'|'Z'|'-' in an arithmetic operand, the result will be 'X'(es).
at 42442500 ps(7), Instance /tb_spectra/UUT/u_fft/blk00000001_blk00002b51/ : Warning: There is an 'U'|'X'|'W'|'Z'|'-' in an arithmetic operand, the result will be 'X'(es).
at 42442600 ps(3), Instance /tb_spectra/UUT/u_fft/blk00000001_blk00002bba/ : Warning: There is an 'U'|'X'|'W'|'Z'|'-' in an arithmetic operand, the result will be 'X'(es).
at 42442600 ps(3), Instance /tb_spectra/UUT/u_fft/blk00000001_blk00002bba/ : Warning: There is an 'U'|'X'|'W'|'Z'|'-' in an arithmetic operand, the result will be 'X'(es).
at 42442600 ps(3), Instance /tb_spectra/UUT/u_fft/blk00000001_blk00002bba/ : Warning: There is an 'U'|'X'|'W'|'Z'|'-' in an arithmetic operand, the result will be 'X'(es).
at 42442600 ps(3), Instance /tb_spectra/UUT/u_fft/blk00000001_blk00002b51/ : Warning: There is an 'U'|'X'|'W'|'Z'|'-' in an arithmetic operand, the result will be 'X'(es).
at 42442600 ps(3), Instance /tb_spectra/UUT/u_fft/blk00000001_blk00002b51/ : Warning: There is an 'U'|'X'|'W'|'Z'|'-' in an arithmetic operand, the result will be 'X'(es).
at 42442600 ps(3), Instance /tb_spectra/UUT/u_fft/blk00000001_blk00002b51/ : Warning: There is an 'U'|'X'|'W'|'Z'|'-' in an arithmetic operand, the result will be 'X'(es).
Stopped at time : 85637500 ps : File "/home/ise/Desktop/fft_direct/complex_magnitude.vhd" Line 82
# restart
# run 200.00us
Simulator is doing circuit initialization process.
at 0 ps: Note: WARNING: Behavioral models for independent clock FIFO configurations do not model synchronization delays. The behavioral models are functionally correct, and will represent the behavior of the configured FIFO. See the FIFO Generator User Guide for more information. (/tb_spectra/UUT/u_fifo/U0/gconvfifo/inst_conv_fifo/).
at 0 ps: Note: WARNING: Behavioral models for independent clock FIFO configurations do not model synchronization delays. The behavioral models are functionally correct, and will represent the behavior of the configured FIFO. See the FIFO Generator User Guide for more information. (/tb_spectra/UUT/u_comm_fifo/U0/gconvfifo/inst_conv_fifo/).
Finished circuit initialization process.
at 0 ps, Instance /tb_spectra/UUT/u_fft/blk00000001_blk00002bba/ : Warning: There is an 'U'|'X'|'W'|'Z'|'-' in an arithmetic operand, the result will be 'X'(es).
at 0 ps, Instance /tb_spectra/UUT/u_fft/blk00000001_blk00002bba/ : Warning: There is an 'U'|'X'|'W'|'Z'|'-' in an arithmetic operand, the result will be 'X'(es).
at 0 ps, Instance /tb_spectra/UUT/u_fft/blk00000001_blk00002bba/ : Warning: There is an 'U'|'X'|'W'|'Z'|'-' in an arithmetic operand, the result will be 'X'(es).
at 0 ps, Instance /tb_spectra/UUT/u_fft/blk00000001_blk00002b51/ : Warning: There is an 'U'|'X'|'W'|'Z'|'-' in an arithmetic operand, the result will be 'X'(es).
at 0 ps, Instance /tb_spectra/UUT/u_fft/blk00000001_blk00002b51/ : Warning: There is an 'U'|'X'|'W'|'Z'|'-' in an arithmetic operand, the result will be 'X'(es).
at 0 ps, Instance /tb_spectra/UUT/u_fft/blk00000001_blk00002b51/ : Warning: There is an 'U'|'X'|'W'|'Z'|'-' in an arithmetic operand, the result will be 'X'(es).
at 0 ps, Instance /tb_spectra/UUT/u_fft/blk00000001_blk00002a4a/ : Warning: There is an 'U'|'X'|'W'|'Z'|'-' in an arithmetic operand, the result will be 'X'(es).
at 0 ps, Instance /tb_spectra/UUT/u_fft/blk00000001_blk00002a4a/ : Warning: There is an 'U'|'X'|'W'|'Z'|'-' in an arithmetic operand, the result will be 'X'(es).
at 0 ps, Instance /tb_spectra/UUT/u_fft/blk00000001_blk00002a4a/ : Warning: There is an 'U'|'X'|'W'|'Z'|'-' in an arithmetic operand, the result will be 'X'(es).
at 100 ps(3), Instance /tb_spectra/UUT/u_fft/blk00000001_blk00002bba/ : Warning: There is an 'U'|'X'|'W'|'Z'|'-' in an arithmetic operand, the result will be 'X'(es).
at 100 ps(3), Instance /tb_spectra/UUT/u_fft/blk00000001_blk00002bba/ : Warning: There is an 'U'|'X'|'W'|'Z'|'-' in an arithmetic operand, the result will be 'X'(es).
at 100 ps(3), Instance /tb_spectra/UUT/u_fft/blk00000001_blk00002bba/ : Warning: There is an 'U'|'X'|'W'|'Z'|'-' in an arithmetic operand, the result will be 'X'(es).
at 100 ps(3), Instance /tb_spectra/UUT/u_fft/blk00000001_blk00002b51/ : Warning: There is an 'U'|'X'|'W'|'Z'|'-' in an arithmetic operand, the result will be 'X'(es).
at 100 ps(3), Instance /tb_spectra/UUT/u_fft/blk00000001_blk00002b51/ : Warning: There is an 'U'|'X'|'W'|'Z'|'-' in an arithmetic operand, the result will be 'X'(es).
at 100 ps(3), Instance /tb_spectra/UUT/u_fft/blk00000001_blk00002b51/ : Warning: There is an 'U'|'X'|'W'|'Z'|'-' in an arithmetic operand, the result will be 'X'(es).
at 100 ps(3), Instance /tb_spectra/UUT/u_fft/blk00000001_blk00002a4a/ : Warning: There is an 'U'|'X'|'W'|'Z'|'-' in an arithmetic operand, the result will be 'X'(es).
at 100 ps(3), Instance /tb_spectra/UUT/u_fft/blk00000001_blk00002a4a/ : Warning: There is an 'U'|'X'|'W'|'Z'|'-' in an arithmetic operand, the result will be 'X'(es).
at 100 ps(3), Instance /tb_spectra/UUT/u_fft/blk00000001_blk00002a4a/ : Warning: There is an 'U'|'X'|'W'|'Z'|'-' in an arithmetic operand, the result will be 'X'(es).
at 132500 ps(8), Instance /tb_spectra/UUT/u_fft/blk00000001_blk00000923/ : Warning: There is an 'U'|'X'|'W'|'Z'|'-' in an arithmetic operand, the result will be 'X'(es).
at 132500 ps(8), Instance /tb_spectra/UUT/u_fft/blk00000001_blk00000923/ : Warning: There is an 'U'|'X'|'W'|'Z'|'-' in an arithmetic operand, the result will be 'X'(es).
at 132500 ps(8), Instance /tb_spectra/UUT/u_fft/blk00000001_blk00000923/ : Warning: There is an 'U'|'X'|'W'|'Z'|'-' in an arithmetic operand, the result will be 'X'(es).
at 142500 ps(8), Instance /tb_spectra/UUT/u_fft/blk00000001_blk00000924/ : Warning: There is an 'U'|'X'|'W'|'Z'|'-' in an arithmetic operand, the result will be 'X'(es).
at 142500 ps(8), Instance /tb_spectra/UUT/u_fft/blk00000001_blk00000924/ : Warning: There is an 'U'|'X'|'W'|'Z'|'-' in an arithmetic operand, the result will be 'X'(es).
at 142500 ps(8), Instance /tb_spectra/UUT/u_fft/blk00000001_blk00000924/ : Warning: There is an 'U'|'X'|'W'|'Z'|'-' in an arithmetic operand, the result will be 'X'(es).
at 142500 ps(8), Instance /tb_spectra/UUT/u_fft/blk00000001_blk00000922/ : Warning: There is an 'U'|'X'|'W'|'Z'|'-' in an arithmetic operand, the result will be 'X'(es).
at 142500 ps(8), Instance /tb_spectra/UUT/u_fft/blk00000001_blk00000922/ : Warning: There is an 'U'|'X'|'W'|'Z'|'-' in an arithmetic operand, the result will be 'X'(es).
at 142500 ps(8), Instance /tb_spectra/UUT/u_fft/blk00000001_blk00000922/ : Warning: There is an 'U'|'X'|'W'|'Z'|'-' in an arithmetic operand, the result will be 'X'(es).
at 267500 ps(8), Instance /tb_spectra/UUT/u_fft/blk00000001_blk0000111f/ : Warning: There is an 'U'|'X'|'W'|'Z'|'-' in an arithmetic operand, the result will be 'X'(es).
at 267500 ps(8), Instance /tb_spectra/UUT/u_fft/blk00000001_blk0000111f/ : Warning: There is an 'U'|'X'|'W'|'Z'|'-' in an arithmetic operand, the result will be 'X'(es).
at 267500 ps(8), Instance /tb_spectra/UUT/u_fft/blk00000001_blk0000111f/ : Warning: There is an 'U'|'X'|'W'|'Z'|'-' in an arithmetic operand, the result will be 'X'(es).
at 277500 ps(8), Instance /tb_spectra/UUT/u_fft/blk00000001_blk00001120/ : Warning: There is an 'U'|'X'|'W'|'Z'|'-' in an arithmetic operand, the result will be 'X'(es).
at 277500 ps(8), Instance /tb_spectra/UUT/u_fft/blk00000001_blk00001120/ : Warning: There is an 'U'|'X'|'W'|'Z'|'-' in an arithmetic operand, the result will be 'X'(es).
at 277500 ps(8), Instance /tb_spectra/UUT/u_fft/blk00000001_blk00001120/ : Warning: There is an 'U'|'X'|'W'|'Z'|'-' in an arithmetic operand, the result will be 'X'(es).
at 277500 ps(8), Instance /tb_spectra/UUT/u_fft/blk00000001_blk0000111e/ : Warning: There is an 'U'|'X'|'W'|'Z'|'-' in an arithmetic operand, the result will be 'X'(es).
at 277500 ps(8), Instance /tb_spectra/UUT/u_fft/blk00000001_blk0000111e/ : Warning: There is an 'U'|'X'|'W'|'Z'|'-' in an arithmetic operand, the result will be 'X'(es).
at 277500 ps(8), Instance /tb_spectra/UUT/u_fft/blk00000001_blk0000111e/ : Warning: There is an 'U'|'X'|'W'|'Z'|'-' in an arithmetic operand, the result will be 'X'(es).
at 692500 ps(8), Instance /tb_spectra/UUT/u_fft/blk00000001_blk00001a6f/ : Warning: There is an 'U'|'X'|'W'|'Z'|'-' in an arithmetic operand, the result will be 'X'(es).
at 692500 ps(8), Instance /tb_spectra/UUT/u_fft/blk00000001_blk00001a6f/ : Warning: There is an 'U'|'X'|'W'|'Z'|'-' in an arithmetic operand, the result will be 'X'(es).
at 692500 ps(8), Instance /tb_spectra/UUT/u_fft/blk00000001_blk00001a6f/ : Warning: There is an 'U'|'X'|'W'|'Z'|'-' in an arithmetic operand, the result will be 'X'(es).
at 702500 ps(8), Instance /tb_spectra/UUT/u_fft/blk00000001_blk00001a70/ : Warning: There is an 'U'|'X'|'W'|'Z'|'-' in an arithmetic operand, the result will be 'X'(es).
at 702500 ps(8), Instance /tb_spectra/UUT/u_fft/blk00000001_blk00001a70/ : Warning: There is an 'U'|'X'|'W'|'Z'|'-' in an arithmetic operand, the result will be 'X'(es).
at 702500 ps(8), Instance /tb_spectra/UUT/u_fft/blk00000001_blk00001a70/ : Warning: There is an 'U'|'X'|'W'|'Z'|'-' in an arithmetic operand, the result will be 'X'(es).
at 702500 ps(8), Instance /tb_spectra/UUT/u_fft/blk00000001_blk00001a6e/ : Warning: There is an 'U'|'X'|'W'|'Z'|'-' in an arithmetic operand, the result will be 'X'(es).
at 702500 ps(8), Instance /tb_spectra/UUT/u_fft/blk00000001_blk00001a6e/ : Warning: There is an 'U'|'X'|'W'|'Z'|'-' in an arithmetic operand, the result will be 'X'(es).
at 702500 ps(8), Instance /tb_spectra/UUT/u_fft/blk00000001_blk00001a6e/ : Warning: There is an 'U'|'X'|'W'|'Z'|'-' in an arithmetic operand, the result will be 'X'(es).
at 1272500 ps(8), Instance /tb_spectra/UUT/u_fft/blk00000001_blk00002a49/ : Warning: There is an 'U'|'X'|'W'|'Z'|'-' in an arithmetic operand, the result will be 'X'(es).
at 1272500 ps(8), Instance /tb_spectra/UUT/u_fft/blk00000001_blk00002a49/ : Warning: There is an 'U'|'X'|'W'|'Z'|'-' in an arithmetic operand, the result will be 'X'(es).
at 1272500 ps(8), Instance /tb_spectra/UUT/u_fft/blk00000001_blk00002a49/ : Warning: There is an 'U'|'X'|'W'|'Z'|'-' in an arithmetic operand, the result will be 'X'(es).
at 1277500 ps(8), Instance /tb_spectra/UUT/u_fft/blk00000001_blk00002a4a/ : Warning: There is an 'U'|'X'|'W'|'Z'|'-' in an arithmetic operand, the result will be 'X'(es).
at 1277500 ps(8), Instance /tb_spectra/UUT/u_fft/blk00000001_blk00002a4a/ : Warning: There is an 'U'|'X'|'W'|'Z'|'-' in an arithmetic operand, the result will be 'X'(es).
at 1277500 ps(8), Instance /tb_spectra/UUT/u_fft/blk00000001_blk00002a4a/ : Warning: There is an 'U'|'X'|'W'|'Z'|'-' in an arithmetic operand, the result will be 'X'(es).
at 1277600 ps(3), Instance /tb_spectra/UUT/u_fft/blk00000001_blk00002a4a/ : Warning: There is an 'U'|'X'|'W'|'Z'|'-' in an arithmetic operand, the result will be 'X'(es).
at 1277600 ps(3), Instance /tb_spectra/UUT/u_fft/blk00000001_blk00002a4a/ : Warning: There is an 'U'|'X'|'W'|'Z'|'-' in an arithmetic operand, the result will be 'X'(es).
at 1277600 ps(3), Instance /tb_spectra/UUT/u_fft/blk00000001_blk00002a4a/ : Warning: There is an 'U'|'X'|'W'|'Z'|'-' in an arithmetic operand, the result will be 'X'(es).
at 1277600 ps(4), Instance /tb_spectra/UUT/u_fft/blk00000001_blk00002a4a/ : Warning: There is an 'U'|'X'|'W'|'Z'|'-' in an arithmetic operand, the result will be 'X'(es).
at 1277600 ps(4), Instance /tb_spectra/UUT/u_fft/blk00000001_blk00002a4a/ : Warning: There is an 'U'|'X'|'W'|'Z'|'-' in an arithmetic operand, the result will be 'X'(es).
at 1277600 ps(4), Instance /tb_spectra/UUT/u_fft/blk00000001_blk00002a4a/ : Warning: There is an 'U'|'X'|'W'|'Z'|'-' in an arithmetic operand, the result will be 'X'(es).
at 1287500 ps(8), Instance /tb_spectra/UUT/u_fft/blk00000001_blk00002bbb/ : Warning: There is an 'U'|'X'|'W'|'Z'|'-' in an arithmetic operand, the result will be 'X'(es).
at 1287500 ps(8), Instance /tb_spectra/UUT/u_fft/blk00000001_blk00002bbb/ : Warning: There is an 'U'|'X'|'W'|'Z'|'-' in an arithmetic operand, the result will be 'X'(es).
at 1287500 ps(8), Instance /tb_spectra/UUT/u_fft/blk00000001_blk00002bbb/ : Warning: There is an 'U'|'X'|'W'|'Z'|'-' in an arithmetic operand, the result will be 'X'(es).
at 1287500 ps(8), Instance /tb_spectra/UUT/u_fft/blk00000001_blk00002b52/ : Warning: There is an 'U'|'X'|'W'|'Z'|'-' in an arithmetic operand, the result will be 'X'(es).
at 1287500 ps(8), Instance /tb_spectra/UUT/u_fft/blk00000001_blk00002b52/ : Warning: There is an 'U'|'X'|'W'|'Z'|'-' in an arithmetic operand, the result will be 'X'(es).
at 1287500 ps(8), Instance /tb_spectra/UUT/u_fft/blk00000001_blk00002b52/ : Warning: There is an 'U'|'X'|'W'|'Z'|'-' in an arithmetic operand, the result will be 'X'(es).
at 1292500 ps(8), Instance /tb_spectra/UUT/u_fft/blk00000001_blk00002bba/ : Warning: There is an 'U'|'X'|'W'|'Z'|'-' in an arithmetic operand, the result will be 'X'(es).
at 1292500 ps(8), Instance /tb_spectra/UUT/u_fft/blk00000001_blk00002bba/ : Warning: There is an 'U'|'X'|'W'|'Z'|'-' in an arithmetic operand, the result will be 'X'(es).
at 1292500 ps(8), Instance /tb_spectra/UUT/u_fft/blk00000001_blk00002bba/ : Warning: There is an 'U'|'X'|'W'|'Z'|'-' in an arithmetic operand, the result will be 'X'(es).
at 1292500 ps(8), Instance /tb_spectra/UUT/u_fft/blk00000001_blk00002b51/ : Warning: There is an 'U'|'X'|'W'|'Z'|'-' in an arithmetic operand, the result will be 'X'(es).
at 1292500 ps(8), Instance /tb_spectra/UUT/u_fft/blk00000001_blk00002b51/ : Warning: There is an 'U'|'X'|'W'|'Z'|'-' in an arithmetic operand, the result will be 'X'(es).
at 1292500 ps(8), Instance /tb_spectra/UUT/u_fft/blk00000001_blk00002b51/ : Warning: There is an 'U'|'X'|'W'|'Z'|'-' in an arithmetic operand, the result will be 'X'(es).
at 1292600 ps(3), Instance /tb_spectra/UUT/u_fft/blk00000001_blk00002bba/ : Warning: There is an 'U'|'X'|'W'|'Z'|'-' in an arithmetic operand, the result will be 'X'(es).
at 1292600 ps(3), Instance /tb_spectra/UUT/u_fft/blk00000001_blk00002bba/ : Warning: There is an 'U'|'X'|'W'|'Z'|'-' in an arithmetic operand, the result will be 'X'(es).
at 1292600 ps(3), Instance /tb_spectra/UUT/u_fft/blk00000001_blk00002bba/ : Warning: There is an 'U'|'X'|'W'|'Z'|'-' in an arithmetic operand, the result will be 'X'(es).
at 1292600 ps(4), Instance /tb_spectra/UUT/u_fft/blk00000001_blk00002bba/ : Warning: There is an 'U'|'X'|'W'|'Z'|'-' in an arithmetic operand, the result will be 'X'(es).
at 1292600 ps(4), Instance /tb_spectra/UUT/u_fft/blk00000001_blk00002bba/ : Warning: There is an 'U'|'X'|'W'|'Z'|'-' in an arithmetic operand, the result will be 'X'(es).
at 1292600 ps(4), Instance /tb_spectra/UUT/u_fft/blk00000001_blk00002bba/ : Warning: There is an 'U'|'X'|'W'|'Z'|'-' in an arithmetic operand, the result will be 'X'(es).
at 41282500 ps(6), Instance /tb_spectra/UUT/u_fft/blk00000001_blk00000923/ : Warning: There is an 'U'|'X'|'W'|'Z'|'-' in an arithmetic operand, the result will be 'X'(es).
at 41282500 ps(6), Instance /tb_spectra/UUT/u_fft/blk00000001_blk00000923/ : Warning: There is an 'U'|'X'|'W'|'Z'|'-' in an arithmetic operand, the result will be 'X'(es).
at 41282500 ps(6), Instance /tb_spectra/UUT/u_fft/blk00000001_blk00000923/ : Warning: There is an 'U'|'X'|'W'|'Z'|'-' in an arithmetic operand, the result will be 'X'(es).
at 41292500 ps(6), Instance /tb_spectra/UUT/u_fft/blk00000001_blk00000924/ : Warning: There is an 'U'|'X'|'W'|'Z'|'-' in an arithmetic operand, the result will be 'X'(es).
at 41292500 ps(6), Instance /tb_spectra/UUT/u_fft/blk00000001_blk00000924/ : Warning: There is an 'U'|'X'|'W'|'Z'|'-' in an arithmetic operand, the result will be 'X'(es).
at 41292500 ps(6), Instance /tb_spectra/UUT/u_fft/blk00000001_blk00000924/ : Warning: There is an 'U'|'X'|'W'|'Z'|'-' in an arithmetic operand, the result will be 'X'(es).
at 41292500 ps(6), Instance /tb_spectra/UUT/u_fft/blk00000001_blk00000922/ : Warning: There is an 'U'|'X'|'W'|'Z'|'-' in an arithmetic operand, the result will be 'X'(es).
at 41292500 ps(6), Instance /tb_spectra/UUT/u_fft/blk00000001_blk00000922/ : Warning: There is an 'U'|'X'|'W'|'Z'|'-' in an arithmetic operand, the result will be 'X'(es).
at 41292500 ps(6), Instance /tb_spectra/UUT/u_fft/blk00000001_blk00000922/ : Warning: There is an 'U'|'X'|'W'|'Z'|'-' in an arithmetic operand, the result will be 'X'(es).
at 41292500 ps(7), Instance /tb_spectra/UUT/u_fft/blk00000001_blk00000924/ : Warning: There is an 'U'|'X'|'W'|'Z'|'-' in an arithmetic operand, the result will be 'X'(es).
at 41292500 ps(7), Instance /tb_spectra/UUT/u_fft/blk00000001_blk00000924/ : Warning: There is an 'U'|'X'|'W'|'Z'|'-' in an arithmetic operand, the result will be 'X'(es).
at 41292500 ps(7), Instance /tb_spectra/UUT/u_fft/blk00000001_blk00000924/ : Warning: There is an 'U'|'X'|'W'|'Z'|'-' in an arithmetic operand, the result will be 'X'(es).
at 41292500 ps(7), Instance /tb_spectra/UUT/u_fft/blk00000001_blk00000922/ : Warning: There is an 'U'|'X'|'W'|'Z'|'-' in an arithmetic operand, the result will be 'X'(es).
at 41292500 ps(7), Instance /tb_spectra/UUT/u_fft/blk00000001_blk00000922/ : Warning: There is an 'U'|'X'|'W'|'Z'|'-' in an arithmetic operand, the result will be 'X'(es).
at 41292500 ps(7), Instance /tb_spectra/UUT/u_fft/blk00000001_blk00000922/ : Warning: There is an 'U'|'X'|'W'|'Z'|'-' in an arithmetic operand, the result will be 'X'(es).
at 41417500 ps(6), Instance /tb_spectra/UUT/u_fft/blk00000001_blk0000111f/ : Warning: There is an 'U'|'X'|'W'|'Z'|'-' in an arithmetic operand, the result will be 'X'(es).
at 41417500 ps(6), Instance /tb_spectra/UUT/u_fft/blk00000001_blk0000111f/ : Warning: There is an 'U'|'X'|'W'|'Z'|'-' in an arithmetic operand, the result will be 'X'(es).
at 41417500 ps(6), Instance /tb_spectra/UUT/u_fft/blk00000001_blk0000111f/ : Warning: There is an 'U'|'X'|'W'|'Z'|'-' in an arithmetic operand, the result will be 'X'(es).
at 41427500 ps(6), Instance /tb_spectra/UUT/u_fft/blk00000001_blk00001120/ : Warning: There is an 'U'|'X'|'W'|'Z'|'-' in an arithmetic operand, the result will be 'X'(es).
at 41427500 ps(6), Instance /tb_spectra/UUT/u_fft/blk00000001_blk00001120/ : Warning: There is an 'U'|'X'|'W'|'Z'|'-' in an arithmetic operand, the result will be 'X'(es).
at 41427500 ps(6), Instance /tb_spectra/UUT/u_fft/blk00000001_blk00001120/ : Warning: There is an 'U'|'X'|'W'|'Z'|'-' in an arithmetic operand, the result will be 'X'(es).
at 41427500 ps(6), Instance /tb_spectra/UUT/u_fft/blk00000001_blk0000111e/ : Warning: There is an 'U'|'X'|'W'|'Z'|'-' in an arithmetic operand, the result will be 'X'(es).
at 41427500 ps(6), Instance /tb_spectra/UUT/u_fft/blk00000001_blk0000111e/ : Warning: There is an 'U'|'X'|'W'|'Z'|'-' in an arithmetic operand, the result will be 'X'(es).
at 41427500 ps(6), Instance /tb_spectra/UUT/u_fft/blk00000001_blk0000111e/ : Warning: There is an 'U'|'X'|'W'|'Z'|'-' in an arithmetic operand, the result will be 'X'(es).
at 41427500 ps(7), Instance /tb_spectra/UUT/u_fft/blk00000001_blk00001120/ : Warning: There is an 'U'|'X'|'W'|'Z'|'-' in an arithmetic operand, the result will be 'X'(es).
at 41427500 ps(7), Instance /tb_spectra/UUT/u_fft/blk00000001_blk00001120/ : Warning: There is an 'U'|'X'|'W'|'Z'|'-' in an arithmetic operand, the result will be 'X'(es).
at 41427500 ps(7), Instance /tb_spectra/UUT/u_fft/blk00000001_blk00001120/ : Warning: There is an 'U'|'X'|'W'|'Z'|'-' in an arithmetic operand, the result will be 'X'(es).
at 41427500 ps(7), Instance /tb_spectra/UUT/u_fft/blk00000001_blk0000111e/ : Warning: There is an 'U'|'X'|'W'|'Z'|'-' in an arithmetic operand, the result will be 'X'(es).
at 41427500 ps(7), Instance /tb_spectra/UUT/u_fft/blk00000001_blk0000111e/ : Warning: There is an 'U'|'X'|'W'|'Z'|'-' in an arithmetic operand, the result will be 'X'(es).
at 41427500 ps(7), Instance /tb_spectra/UUT/u_fft/blk00000001_blk0000111e/ : Warning: There is an 'U'|'X'|'W'|'Z'|'-' in an arithmetic operand, the result will be 'X'(es).
at 41842500 ps(6), Instance /tb_spectra/UUT/u_fft/blk00000001_blk00001a6f/ : Warning: There is an 'U'|'X'|'W'|'Z'|'-' in an arithmetic operand, the result will be 'X'(es).
at 41842500 ps(6), Instance /tb_spectra/UUT/u_fft/blk00000001_blk00001a6f/ : Warning: There is an 'U'|'X'|'W'|'Z'|'-' in an arithmetic operand, the result will be 'X'(es).
at 41842500 ps(6), Instance /tb_spectra/UUT/u_fft/blk00000001_blk00001a6f/ : Warning: There is an 'U'|'X'|'W'|'Z'|'-' in an arithmetic operand, the result will be 'X'(es).
at 41852500 ps(6), Instance /tb_spectra/UUT/u_fft/blk00000001_blk00001a70/ : Warning: There is an 'U'|'X'|'W'|'Z'|'-' in an arithmetic operand, the result will be 'X'(es).
at 41852500 ps(6), Instance /tb_spectra/UUT/u_fft/blk00000001_blk00001a70/ : Warning: There is an 'U'|'X'|'W'|'Z'|'-' in an arithmetic operand, the result will be 'X'(es).
at 41852500 ps(6), Instance /tb_spectra/UUT/u_fft/blk00000001_blk00001a70/ : Warning: There is an 'U'|'X'|'W'|'Z'|'-' in an arithmetic operand, the result will be 'X'(es).
at 41852500 ps(6), Instance /tb_spectra/UUT/u_fft/blk00000001_blk00001a6e/ : Warning: There is an 'U'|'X'|'W'|'Z'|'-' in an arithmetic operand, the result will be 'X'(es).
at 41852500 ps(6), Instance /tb_spectra/UUT/u_fft/blk00000001_blk00001a6e/ : Warning: There is an 'U'|'X'|'W'|'Z'|'-' in an arithmetic operand, the result will be 'X'(es).
at 41852500 ps(6), Instance /tb_spectra/UUT/u_fft/blk00000001_blk00001a6e/ : Warning: There is an 'U'|'X'|'W'|'Z'|'-' in an arithmetic operand, the result will be 'X'(es).
at 41852500 ps(7), Instance /tb_spectra/UUT/u_fft/blk00000001_blk00001a70/ : Warning: There is an 'U'|'X'|'W'|'Z'|'-' in an arithmetic operand, the result will be 'X'(es).
at 41852500 ps(7), Instance /tb_spectra/UUT/u_fft/blk00000001_blk00001a70/ : Warning: There is an 'U'|'X'|'W'|'Z'|'-' in an arithmetic operand, the result will be 'X'(es).
at 41852500 ps(7), Instance /tb_spectra/UUT/u_fft/blk00000001_blk00001a70/ : Warning: There is an 'U'|'X'|'W'|'Z'|'-' in an arithmetic operand, the result will be 'X'(es).
at 41852500 ps(7), Instance /tb_spectra/UUT/u_fft/blk00000001_blk00001a6e/ : Warning: There is an 'U'|'X'|'W'|'Z'|'-' in an arithmetic operand, the result will be 'X'(es).
at 41852500 ps(7), Instance /tb_spectra/UUT/u_fft/blk00000001_blk00001a6e/ : Warning: There is an 'U'|'X'|'W'|'Z'|'-' in an arithmetic operand, the result will be 'X'(es).
at 41852500 ps(7), Instance /tb_spectra/UUT/u_fft/blk00000001_blk00001a6e/ : Warning: There is an 'U'|'X'|'W'|'Z'|'-' in an arithmetic operand, the result will be 'X'(es).
at 42422500 ps(6), Instance /tb_spectra/UUT/u_fft/blk00000001_blk00002a49/ : Warning: There is an 'U'|'X'|'W'|'Z'|'-' in an arithmetic operand, the result will be 'X'(es).
at 42422500 ps(6), Instance /tb_spectra/UUT/u_fft/blk00000001_blk00002a49/ : Warning: There is an 'U'|'X'|'W'|'Z'|'-' in an arithmetic operand, the result will be 'X'(es).
at 42422500 ps(6), Instance /tb_spectra/UUT/u_fft/blk00000001_blk00002a49/ : Warning: There is an 'U'|'X'|'W'|'Z'|'-' in an arithmetic operand, the result will be 'X'(es).
at 42427500 ps(6), Instance /tb_spectra/UUT/u_fft/blk00000001_blk00002a4a/ : Warning: There is an 'U'|'X'|'W'|'Z'|'-' in an arithmetic operand, the result will be 'X'(es).
at 42427500 ps(6), Instance /tb_spectra/UUT/u_fft/blk00000001_blk00002a4a/ : Warning: There is an 'U'|'X'|'W'|'Z'|'-' in an arithmetic operand, the result will be 'X'(es).
at 42427500 ps(6), Instance /tb_spectra/UUT/u_fft/blk00000001_blk00002a4a/ : Warning: There is an 'U'|'X'|'W'|'Z'|'-' in an arithmetic operand, the result will be 'X'(es).
at 42427500 ps(7), Instance /tb_spectra/UUT/u_fft/blk00000001_blk00002a4a/ : Warning: There is an 'U'|'X'|'W'|'Z'|'-' in an arithmetic operand, the result will be 'X'(es).
at 42427500 ps(7), Instance /tb_spectra/UUT/u_fft/blk00000001_blk00002a4a/ : Warning: There is an 'U'|'X'|'W'|'Z'|'-' in an arithmetic operand, the result will be 'X'(es).
at 42427500 ps(7), Instance /tb_spectra/UUT/u_fft/blk00000001_blk00002a4a/ : Warning: There is an 'U'|'X'|'W'|'Z'|'-' in an arithmetic operand, the result will be 'X'(es).
at 42427600 ps(3), Instance /tb_spectra/UUT/u_fft/blk00000001_blk00002a4a/ : Warning: There is an 'U'|'X'|'W'|'Z'|'-' in an arithmetic operand, the result will be 'X'(es).
at 42427600 ps(3), Instance /tb_spectra/UUT/u_fft/blk00000001_blk00002a4a/ : Warning: There is an 'U'|'X'|'W'|'Z'|'-' in an arithmetic operand, the result will be 'X'(es).
at 42427600 ps(3), Instance /tb_spectra/UUT/u_fft/blk00000001_blk00002a4a/ : Warning: There is an 'U'|'X'|'W'|'Z'|'-' in an arithmetic operand, the result will be 'X'(es).
at 42437500 ps(6), Instance /tb_spectra/UUT/u_fft/blk00000001_blk00002bbb/ : Warning: There is an 'U'|'X'|'W'|'Z'|'-' in an arithmetic operand, the result will be 'X'(es).
at 42437500 ps(6), Instance /tb_spectra/UUT/u_fft/blk00000001_blk00002bbb/ : Warning: There is an 'U'|'X'|'W'|'Z'|'-' in an arithmetic operand, the result will be 'X'(es).
at 42437500 ps(6), Instance /tb_spectra/UUT/u_fft/blk00000001_blk00002bbb/ : Warning: There is an 'U'|'X'|'W'|'Z'|'-' in an arithmetic operand, the result will be 'X'(es).
at 42437500 ps(6), Instance /tb_spectra/UUT/u_fft/blk00000001_blk00002b52/ : Warning: There is an 'U'|'X'|'W'|'Z'|'-' in an arithmetic operand, the result will be 'X'(es).
at 42437500 ps(6), Instance /tb_spectra/UUT/u_fft/blk00000001_blk00002b52/ : Warning: There is an 'U'|'X'|'W'|'Z'|'-' in an arithmetic operand, the result will be 'X'(es).
at 42437500 ps(6), Instance /tb_spectra/UUT/u_fft/blk00000001_blk00002b52/ : Warning: There is an 'U'|'X'|'W'|'Z'|'-' in an arithmetic operand, the result will be 'X'(es).
at 42437500 ps(7), Instance /tb_spectra/UUT/u_fft/blk00000001_blk00002bbb/ : Warning: There is an 'U'|'X'|'W'|'Z'|'-' in an arithmetic operand, the result will be 'X'(es).
at 42437500 ps(7), Instance /tb_spectra/UUT/u_fft/blk00000001_blk00002bbb/ : Warning: There is an 'U'|'X'|'W'|'Z'|'-' in an arithmetic operand, the result will be 'X'(es).
at 42437500 ps(7), Instance /tb_spectra/UUT/u_fft/blk00000001_blk00002bbb/ : Warning: There is an 'U'|'X'|'W'|'Z'|'-' in an arithmetic operand, the result will be 'X'(es).
at 42437500 ps(7), Instance /tb_spectra/UUT/u_fft/blk00000001_blk00002b52/ : Warning: There is an 'U'|'X'|'W'|'Z'|'-' in an arithmetic operand, the result will be 'X'(es).
at 42437500 ps(7), Instance /tb_spectra/UUT/u_fft/blk00000001_blk00002b52/ : Warning: There is an 'U'|'X'|'W'|'Z'|'-' in an arithmetic operand, the result will be 'X'(es).
at 42437500 ps(7), Instance /tb_spectra/UUT/u_fft/blk00000001_blk00002b52/ : Warning: There is an 'U'|'X'|'W'|'Z'|'-' in an arithmetic operand, the result will be 'X'(es).
at 42442500 ps(6), Instance /tb_spectra/UUT/u_fft/blk00000001_blk00002bba/ : Warning: There is an 'U'|'X'|'W'|'Z'|'-' in an arithmetic operand, the result will be 'X'(es).
at 42442500 ps(6), Instance /tb_spectra/UUT/u_fft/blk00000001_blk00002bba/ : Warning: There is an 'U'|'X'|'W'|'Z'|'-' in an arithmetic operand, the result will be 'X'(es).
at 42442500 ps(6), Instance /tb_spectra/UUT/u_fft/blk00000001_blk00002bba/ : Warning: There is an 'U'|'X'|'W'|'Z'|'-' in an arithmetic operand, the result will be 'X'(es).
at 42442500 ps(6), Instance /tb_spectra/UUT/u_fft/blk00000001_blk00002b51/ : Warning: There is an 'U'|'X'|'W'|'Z'|'-' in an arithmetic operand, the result will be 'X'(es).
at 42442500 ps(6), Instance /tb_spectra/UUT/u_fft/blk00000001_blk00002b51/ : Warning: There is an 'U'|'X'|'W'|'Z'|'-' in an arithmetic operand, the result will be 'X'(es).
at 42442500 ps(6), Instance /tb_spectra/UUT/u_fft/blk00000001_blk00002b51/ : Warning: There is an 'U'|'X'|'W'|'Z'|'-' in an arithmetic operand, the result will be 'X'(es).
at 42442500 ps(7), Instance /tb_spectra/UUT/u_fft/blk00000001_blk00002bba/ : Warning: There is an 'U'|'X'|'W'|'Z'|'-' in an arithmetic operand, the result will be 'X'(es).
at 42442500 ps(7), Instance /tb_spectra/UUT/u_fft/blk00000001_blk00002bba/ : Warning: There is an 'U'|'X'|'W'|'Z'|'-' in an arithmetic operand, the result will be 'X'(es).
at 42442500 ps(7), Instance /tb_spectra/UUT/u_fft/blk00000001_blk00002bba/ : Warning: There is an 'U'|'X'|'W'|'Z'|'-' in an arithmetic operand, the result will be 'X'(es).
at 42442500 ps(7), Instance /tb_spectra/UUT/u_fft/blk00000001_blk00002b51/ : Warning: There is an 'U'|'X'|'W'|'Z'|'-' in an arithmetic operand, the result will be 'X'(es).
at 42442500 ps(7), Instance /tb_spectra/UUT/u_fft/blk00000001_blk00002b51/ : Warning: There is an 'U'|'X'|'W'|'Z'|'-' in an arithmetic operand, the result will be 'X'(es).
at 42442500 ps(7), Instance /tb_spectra/UUT/u_fft/blk00000001_blk00002b51/ : Warning: There is an 'U'|'X'|'W'|'Z'|'-' in an arithmetic operand, the result will be 'X'(es).
at 42442600 ps(3), Instance /tb_spectra/UUT/u_fft/blk00000001_blk00002bba/ : Warning: There is an 'U'|'X'|'W'|'Z'|'-' in an arithmetic operand, the result will be 'X'(es).
at 42442600 ps(3), Instance /tb_spectra/UUT/u_fft/blk00000001_blk00002bba/ : Warning: There is an 'U'|'X'|'W'|'Z'|'-' in an arithmetic operand, the result will be 'X'(es).
at 42442600 ps(3), Instance /tb_spectra/UUT/u_fft/blk00000001_blk00002bba/ : Warning: There is an 'U'|'X'|'W'|'Z'|'-' in an arithmetic operand, the result will be 'X'(es).
at 42442600 ps(3), Instance /tb_spectra/UUT/u_fft/blk00000001_blk00002b51/ : Warning: There is an 'U'|'X'|'W'|'Z'|'-' in an arithmetic operand, the result will be 'X'(es).
at 42442600 ps(3), Instance /tb_spectra/UUT/u_fft/blk00000001_blk00002b51/ : Warning: There is an 'U'|'X'|'W'|'Z'|'-' in an arithmetic operand, the result will be 'X'(es).
at 42442600 ps(3), Instance /tb_spectra/UUT/u_fft/blk00000001_blk00002b51/ : Warning: There is an 'U'|'X'|'W'|'Z'|'-' in an arithmetic operand, the result will be 'X'(es).
ISim P.20131013 (signature 0xfbc00daa)
----------------------------------------------------------------------
WARNING:Security:42 - Your software subscription period has lapsed. Your current version of Xilinx tools will continue to function, but you no longer qualify for Xilinx software updates or new releases.


----------------------------------------------------------------------
This is a Full version of ISim.
# run 1000 ns
Simulator is doing circuit initialization process.
at 0 ps: Note: WARNING: Behavioral models for independent clock FIFO configurations do not model synchronization delays. The behavioral models are functionally correct, and will represent the behavior of the configured FIFO. See the FIFO Generator User Guide for more information. (/tb_spectra/UUT/u_fifo/U0/gconvfifo/inst_conv_fifo/).
at 0 ps: Note: WARNING: Behavioral models for independent clock FIFO configurations do not model synchronization delays. The behavioral models are functionally correct, and will represent the behavior of the configured FIFO. See the FIFO Generator User Guide for more information. (/tb_spectra/UUT/u_comm_fifo/U0/gconvfifo/inst_conv_fifo/).
Finished circuit initialization process.
at 0 ps, Instance /tb_spectra/UUT/u_complex_magnitude/mult_real/U0/ : Warning: There is an 'U'|'X'|'W'|'Z'|'-' in an arithmetic operand, the result will be 'X'(es).
at 0 ps, Instance /tb_spectra/UUT/u_fft/blk00000001_blk00002bba/ : Warning: There is an 'U'|'X'|'W'|'Z'|'-' in an arithmetic operand, the result will be 'X'(es).
at 0 ps, Instance /tb_spectra/UUT/u_fft/blk00000001_blk00002bba/ : Warning: There is an 'U'|'X'|'W'|'Z'|'-' in an arithmetic operand, the result will be 'X'(es).
at 0 ps, Instance /tb_spectra/UUT/u_fft/blk00000001_blk00002bba/ : Warning: There is an 'U'|'X'|'W'|'Z'|'-' in an arithmetic operand, the result will be 'X'(es).
at 0 ps, Instance /tb_spectra/UUT/u_fft/blk00000001_blk00002b51/ : Warning: There is an 'U'|'X'|'W'|'Z'|'-' in an arithmetic operand, the result will be 'X'(es).
at 0 ps, Instance /tb_spectra/UUT/u_fft/blk00000001_blk00002b51/ : Warning: There is an 'U'|'X'|'W'|'Z'|'-' in an arithmetic operand, the result will be 'X'(es).
at 0 ps, Instance /tb_spectra/UUT/u_fft/blk00000001_blk00002b51/ : Warning: There is an 'U'|'X'|'W'|'Z'|'-' in an arithmetic operand, the result will be 'X'(es).
at 0 ps, Instance /tb_spectra/UUT/u_fft/blk00000001_blk00002a4a/ : Warning: There is an 'U'|'X'|'W'|'Z'|'-' in an arithmetic operand, the result will be 'X'(es).
at 0 ps, Instance /tb_spectra/UUT/u_fft/blk00000001_blk00002a4a/ : Warning: There is an 'U'|'X'|'W'|'Z'|'-' in an arithmetic operand, the result will be 'X'(es).
at 0 ps, Instance /tb_spectra/UUT/u_fft/blk00000001_blk00002a4a/ : Warning: There is an 'U'|'X'|'W'|'Z'|'-' in an arithmetic operand, the result will be 'X'(es).
at 100 ps(3), Instance /tb_spectra/UUT/u_fft/blk00000001_blk00002bba/ : Warning: There is an 'U'|'X'|'W'|'Z'|'-' in an arithmetic operand, the result will be 'X'(es).
at 100 ps(3), Instance /tb_spectra/UUT/u_fft/blk00000001_blk00002bba/ : Warning: There is an 'U'|'X'|'W'|'Z'|'-' in an arithmetic operand, the result will be 'X'(es).
at 100 ps(3), Instance /tb_spectra/UUT/u_fft/blk00000001_blk00002bba/ : Warning: There is an 'U'|'X'|'W'|'Z'|'-' in an arithmetic operand, the result will be 'X'(es).
at 100 ps(3), Instance /tb_spectra/UUT/u_fft/blk00000001_blk00002b51/ : Warning: There is an 'U'|'X'|'W'|'Z'|'-' in an arithmetic operand, the result will be 'X'(es).
at 100 ps(3), Instance /tb_spectra/UUT/u_fft/blk00000001_blk00002b51/ : Warning: There is an 'U'|'X'|'W'|'Z'|'-' in an arithmetic operand, the result will be 'X'(es).
at 100 ps(3), Instance /tb_spectra/UUT/u_fft/blk00000001_blk00002b51/ : Warning: There is an 'U'|'X'|'W'|'Z'|'-' in an arithmetic operand, the result will be 'X'(es).
at 100 ps(3), Instance /tb_spectra/UUT/u_fft/blk00000001_blk00002a4a/ : Warning: There is an 'U'|'X'|'W'|'Z'|'-' in an arithmetic operand, the result will be 'X'(es).
at 100 ps(3), Instance /tb_spectra/UUT/u_fft/blk00000001_blk00002a4a/ : Warning: There is an 'U'|'X'|'W'|'Z'|'-' in an arithmetic operand, the result will be 'X'(es).
at 100 ps(3), Instance /tb_spectra/UUT/u_fft/blk00000001_blk00002a4a/ : Warning: There is an 'U'|'X'|'W'|'Z'|'-' in an arithmetic operand, the result will be 'X'(es).
at 132500 ps(8), Instance /tb_spectra/UUT/u_fft/blk00000001_blk00000923/ : Warning: There is an 'U'|'X'|'W'|'Z'|'-' in an arithmetic operand, the result will be 'X'(es).
at 132500 ps(8), Instance /tb_spectra/UUT/u_fft/blk00000001_blk00000923/ : Warning: There is an 'U'|'X'|'W'|'Z'|'-' in an arithmetic operand, the result will be 'X'(es).
at 132500 ps(8), Instance /tb_spectra/UUT/u_fft/blk00000001_blk00000923/ : Warning: There is an 'U'|'X'|'W'|'Z'|'-' in an arithmetic operand, the result will be 'X'(es).
at 142500 ps(8), Instance /tb_spectra/UUT/u_fft/blk00000001_blk00000924/ : Warning: There is an 'U'|'X'|'W'|'Z'|'-' in an arithmetic operand, the result will be 'X'(es).
at 142500 ps(8), Instance /tb_spectra/UUT/u_fft/blk00000001_blk00000924/ : Warning: There is an 'U'|'X'|'W'|'Z'|'-' in an arithmetic operand, the result will be 'X'(es).
at 142500 ps(8), Instance /tb_spectra/UUT/u_fft/blk00000001_blk00000924/ : Warning: There is an 'U'|'X'|'W'|'Z'|'-' in an arithmetic operand, the result will be 'X'(es).
at 142500 ps(8), Instance /tb_spectra/UUT/u_fft/blk00000001_blk00000922/ : Warning: There is an 'U'|'X'|'W'|'Z'|'-' in an arithmetic operand, the result will be 'X'(es).
at 142500 ps(8), Instance /tb_spectra/UUT/u_fft/blk00000001_blk00000922/ : Warning: There is an 'U'|'X'|'W'|'Z'|'-' in an arithmetic operand, the result will be 'X'(es).
at 142500 ps(8), Instance /tb_spectra/UUT/u_fft/blk00000001_blk00000922/ : Warning: There is an 'U'|'X'|'W'|'Z'|'-' in an arithmetic operand, the result will be 'X'(es).
at 267500 ps(8), Instance /tb_spectra/UUT/u_fft/blk00000001_blk0000111f/ : Warning: There is an 'U'|'X'|'W'|'Z'|'-' in an arithmetic operand, the result will be 'X'(es).
at 267500 ps(8), Instance /tb_spectra/UUT/u_fft/blk00000001_blk0000111f/ : Warning: There is an 'U'|'X'|'W'|'Z'|'-' in an arithmetic operand, the result will be 'X'(es).
at 267500 ps(8), Instance /tb_spectra/UUT/u_fft/blk00000001_blk0000111f/ : Warning: There is an 'U'|'X'|'W'|'Z'|'-' in an arithmetic operand, the result will be 'X'(es).
at 277500 ps(8), Instance /tb_spectra/UUT/u_fft/blk00000001_blk00001120/ : Warning: There is an 'U'|'X'|'W'|'Z'|'-' in an arithmetic operand, the result will be 'X'(es).
at 277500 ps(8), Instance /tb_spectra/UUT/u_fft/blk00000001_blk00001120/ : Warning: There is an 'U'|'X'|'W'|'Z'|'-' in an arithmetic operand, the result will be 'X'(es).
at 277500 ps(8), Instance /tb_spectra/UUT/u_fft/blk00000001_blk00001120/ : Warning: There is an 'U'|'X'|'W'|'Z'|'-' in an arithmetic operand, the result will be 'X'(es).
at 277500 ps(8), Instance /tb_spectra/UUT/u_fft/blk00000001_blk0000111e/ : Warning: There is an 'U'|'X'|'W'|'Z'|'-' in an arithmetic operand, the result will be 'X'(es).
at 277500 ps(8), Instance /tb_spectra/UUT/u_fft/blk00000001_blk0000111e/ : Warning: There is an 'U'|'X'|'W'|'Z'|'-' in an arithmetic operand, the result will be 'X'(es).
at 277500 ps(8), Instance /tb_spectra/UUT/u_fft/blk00000001_blk0000111e/ : Warning: There is an 'U'|'X'|'W'|'Z'|'-' in an arithmetic operand, the result will be 'X'(es).
at 692500 ps(8), Instance /tb_spectra/UUT/u_fft/blk00000001_blk00001a6f/ : Warning: There is an 'U'|'X'|'W'|'Z'|'-' in an arithmetic operand, the result will be 'X'(es).
at 692500 ps(8), Instance /tb_spectra/UUT/u_fft/blk00000001_blk00001a6f/ : Warning: There is an 'U'|'X'|'W'|'Z'|'-' in an arithmetic operand, the result will be 'X'(es).
at 692500 ps(8), Instance /tb_spectra/UUT/u_fft/blk00000001_blk00001a6f/ : Warning: There is an 'U'|'X'|'W'|'Z'|'-' in an arithmetic operand, the result will be 'X'(es).
at 702500 ps(8), Instance /tb_spectra/UUT/u_fft/blk00000001_blk00001a70/ : Warning: There is an 'U'|'X'|'W'|'Z'|'-' in an arithmetic operand, the result will be 'X'(es).
at 702500 ps(8), Instance /tb_spectra/UUT/u_fft/blk00000001_blk00001a70/ : Warning: There is an 'U'|'X'|'W'|'Z'|'-' in an arithmetic operand, the result will be 'X'(es).
at 702500 ps(8), Instance /tb_spectra/UUT/u_fft/blk00000001_blk00001a70/ : Warning: There is an 'U'|'X'|'W'|'Z'|'-' in an arithmetic operand, the result will be 'X'(es).
at 702500 ps(8), Instance /tb_spectra/UUT/u_fft/blk00000001_blk00001a6e/ : Warning: There is an 'U'|'X'|'W'|'Z'|'-' in an arithmetic operand, the result will be 'X'(es).
at 702500 ps(8), Instance /tb_spectra/UUT/u_fft/blk00000001_blk00001a6e/ : Warning: There is an 'U'|'X'|'W'|'Z'|'-' in an arithmetic operand, the result will be 'X'(es).
at 702500 ps(8), Instance /tb_spectra/UUT/u_fft/blk00000001_blk00001a6e/ : Warning: There is an 'U'|'X'|'W'|'Z'|'-' in an arithmetic operand, the result will be 'X'(es).
# run 200.00us
at 1272500 ps(8), Instance /tb_spectra/UUT/u_fft/blk00000001_blk00002a49/ : Warning: There is an 'U'|'X'|'W'|'Z'|'-' in an arithmetic operand, the result will be 'X'(es).
at 1272500 ps(8), Instance /tb_spectra/UUT/u_fft/blk00000001_blk00002a49/ : Warning: There is an 'U'|'X'|'W'|'Z'|'-' in an arithmetic operand, the result will be 'X'(es).
at 1272500 ps(8), Instance /tb_spectra/UUT/u_fft/blk00000001_blk00002a49/ : Warning: There is an 'U'|'X'|'W'|'Z'|'-' in an arithmetic operand, the result will be 'X'(es).
at 1277500 ps(8), Instance /tb_spectra/UUT/u_fft/blk00000001_blk00002a4a/ : Warning: There is an 'U'|'X'|'W'|'Z'|'-' in an arithmetic operand, the result will be 'X'(es).
at 1277500 ps(8), Instance /tb_spectra/UUT/u_fft/blk00000001_blk00002a4a/ : Warning: There is an 'U'|'X'|'W'|'Z'|'-' in an arithmetic operand, the result will be 'X'(es).
at 1277500 ps(8), Instance /tb_spectra/UUT/u_fft/blk00000001_blk00002a4a/ : Warning: There is an 'U'|'X'|'W'|'Z'|'-' in an arithmetic operand, the result will be 'X'(es).
at 1277600 ps(3), Instance /tb_spectra/UUT/u_fft/blk00000001_blk00002a4a/ : Warning: There is an 'U'|'X'|'W'|'Z'|'-' in an arithmetic operand, the result will be 'X'(es).
at 1277600 ps(3), Instance /tb_spectra/UUT/u_fft/blk00000001_blk00002a4a/ : Warning: There is an 'U'|'X'|'W'|'Z'|'-' in an arithmetic operand, the result will be 'X'(es).
at 1277600 ps(3), Instance /tb_spectra/UUT/u_fft/blk00000001_blk00002a4a/ : Warning: There is an 'U'|'X'|'W'|'Z'|'-' in an arithmetic operand, the result will be 'X'(es).
at 1277600 ps(4), Instance /tb_spectra/UUT/u_fft/blk00000001_blk00002a4a/ : Warning: There is an 'U'|'X'|'W'|'Z'|'-' in an arithmetic operand, the result will be 'X'(es).
at 1277600 ps(4), Instance /tb_spectra/UUT/u_fft/blk00000001_blk00002a4a/ : Warning: There is an 'U'|'X'|'W'|'Z'|'-' in an arithmetic operand, the result will be 'X'(es).
at 1277600 ps(4), Instance /tb_spectra/UUT/u_fft/blk00000001_blk00002a4a/ : Warning: There is an 'U'|'X'|'W'|'Z'|'-' in an arithmetic operand, the result will be 'X'(es).
at 1287500 ps(8), Instance /tb_spectra/UUT/u_fft/blk00000001_blk00002bbb/ : Warning: There is an 'U'|'X'|'W'|'Z'|'-' in an arithmetic operand, the result will be 'X'(es).
at 1287500 ps(8), Instance /tb_spectra/UUT/u_fft/blk00000001_blk00002bbb/ : Warning: There is an 'U'|'X'|'W'|'Z'|'-' in an arithmetic operand, the result will be 'X'(es).
at 1287500 ps(8), Instance /tb_spectra/UUT/u_fft/blk00000001_blk00002bbb/ : Warning: There is an 'U'|'X'|'W'|'Z'|'-' in an arithmetic operand, the result will be 'X'(es).
at 1287500 ps(8), Instance /tb_spectra/UUT/u_fft/blk00000001_blk00002b52/ : Warning: There is an 'U'|'X'|'W'|'Z'|'-' in an arithmetic operand, the result will be 'X'(es).
at 1287500 ps(8), Instance /tb_spectra/UUT/u_fft/blk00000001_blk00002b52/ : Warning: There is an 'U'|'X'|'W'|'Z'|'-' in an arithmetic operand, the result will be 'X'(es).
at 1287500 ps(8), Instance /tb_spectra/UUT/u_fft/blk00000001_blk00002b52/ : Warning: There is an 'U'|'X'|'W'|'Z'|'-' in an arithmetic operand, the result will be 'X'(es).
at 1292500 ps(8), Instance /tb_spectra/UUT/u_fft/blk00000001_blk00002bba/ : Warning: There is an 'U'|'X'|'W'|'Z'|'-' in an arithmetic operand, the result will be 'X'(es).
at 1292500 ps(8), Instance /tb_spectra/UUT/u_fft/blk00000001_blk00002bba/ : Warning: There is an 'U'|'X'|'W'|'Z'|'-' in an arithmetic operand, the result will be 'X'(es).
at 1292500 ps(8), Instance /tb_spectra/UUT/u_fft/blk00000001_blk00002bba/ : Warning: There is an 'U'|'X'|'W'|'Z'|'-' in an arithmetic operand, the result will be 'X'(es).
at 1292500 ps(8), Instance /tb_spectra/UUT/u_fft/blk00000001_blk00002b51/ : Warning: There is an 'U'|'X'|'W'|'Z'|'-' in an arithmetic operand, the result will be 'X'(es).
at 1292500 ps(8), Instance /tb_spectra/UUT/u_fft/blk00000001_blk00002b51/ : Warning: There is an 'U'|'X'|'W'|'Z'|'-' in an arithmetic operand, the result will be 'X'(es).
at 1292500 ps(8), Instance /tb_spectra/UUT/u_fft/blk00000001_blk00002b51/ : Warning: There is an 'U'|'X'|'W'|'Z'|'-' in an arithmetic operand, the result will be 'X'(es).
at 1292600 ps(3), Instance /tb_spectra/UUT/u_fft/blk00000001_blk00002bba/ : Warning: There is an 'U'|'X'|'W'|'Z'|'-' in an arithmetic operand, the result will be 'X'(es).
at 1292600 ps(3), Instance /tb_spectra/UUT/u_fft/blk00000001_blk00002bba/ : Warning: There is an 'U'|'X'|'W'|'Z'|'-' in an arithmetic operand, the result will be 'X'(es).
at 1292600 ps(3), Instance /tb_spectra/UUT/u_fft/blk00000001_blk00002bba/ : Warning: There is an 'U'|'X'|'W'|'Z'|'-' in an arithmetic operand, the result will be 'X'(es).
at 1292600 ps(4), Instance /tb_spectra/UUT/u_fft/blk00000001_blk00002bba/ : Warning: There is an 'U'|'X'|'W'|'Z'|'-' in an arithmetic operand, the result will be 'X'(es).
at 1292600 ps(4), Instance /tb_spectra/UUT/u_fft/blk00000001_blk00002bba/ : Warning: There is an 'U'|'X'|'W'|'Z'|'-' in an arithmetic operand, the result will be 'X'(es).
at 1292600 ps(4), Instance /tb_spectra/UUT/u_fft/blk00000001_blk00002bba/ : Warning: There is an 'U'|'X'|'W'|'Z'|'-' in an arithmetic operand, the result will be 'X'(es).
at 41282500 ps(6), Instance /tb_spectra/UUT/u_fft/blk00000001_blk00000923/ : Warning: There is an 'U'|'X'|'W'|'Z'|'-' in an arithmetic operand, the result will be 'X'(es).
at 41282500 ps(6), Instance /tb_spectra/UUT/u_fft/blk00000001_blk00000923/ : Warning: There is an 'U'|'X'|'W'|'Z'|'-' in an arithmetic operand, the result will be 'X'(es).
at 41282500 ps(6), Instance /tb_spectra/UUT/u_fft/blk00000001_blk00000923/ : Warning: There is an 'U'|'X'|'W'|'Z'|'-' in an arithmetic operand, the result will be 'X'(es).
at 41292500 ps(6), Instance /tb_spectra/UUT/u_fft/blk00000001_blk00000924/ : Warning: There is an 'U'|'X'|'W'|'Z'|'-' in an arithmetic operand, the result will be 'X'(es).
at 41292500 ps(6), Instance /tb_spectra/UUT/u_fft/blk00000001_blk00000924/ : Warning: There is an 'U'|'X'|'W'|'Z'|'-' in an arithmetic operand, the result will be 'X'(es).
at 41292500 ps(6), Instance /tb_spectra/UUT/u_fft/blk00000001_blk00000924/ : Warning: There is an 'U'|'X'|'W'|'Z'|'-' in an arithmetic operand, the result will be 'X'(es).
at 41292500 ps(6), Instance /tb_spectra/UUT/u_fft/blk00000001_blk00000922/ : Warning: There is an 'U'|'X'|'W'|'Z'|'-' in an arithmetic operand, the result will be 'X'(es).
at 41292500 ps(6), Instance /tb_spectra/UUT/u_fft/blk00000001_blk00000922/ : Warning: There is an 'U'|'X'|'W'|'Z'|'-' in an arithmetic operand, the result will be 'X'(es).
at 41292500 ps(6), Instance /tb_spectra/UUT/u_fft/blk00000001_blk00000922/ : Warning: There is an 'U'|'X'|'W'|'Z'|'-' in an arithmetic operand, the result will be 'X'(es).
at 41292500 ps(7), Instance /tb_spectra/UUT/u_fft/blk00000001_blk00000924/ : Warning: There is an 'U'|'X'|'W'|'Z'|'-' in an arithmetic operand, the result will be 'X'(es).
at 41292500 ps(7), Instance /tb_spectra/UUT/u_fft/blk00000001_blk00000924/ : Warning: There is an 'U'|'X'|'W'|'Z'|'-' in an arithmetic operand, the result will be 'X'(es).
at 41292500 ps(7), Instance /tb_spectra/UUT/u_fft/blk00000001_blk00000924/ : Warning: There is an 'U'|'X'|'W'|'Z'|'-' in an arithmetic operand, the result will be 'X'(es).
at 41292500 ps(7), Instance /tb_spectra/UUT/u_fft/blk00000001_blk00000922/ : Warning: There is an 'U'|'X'|'W'|'Z'|'-' in an arithmetic operand, the result will be 'X'(es).
at 41292500 ps(7), Instance /tb_spectra/UUT/u_fft/blk00000001_blk00000922/ : Warning: There is an 'U'|'X'|'W'|'Z'|'-' in an arithmetic operand, the result will be 'X'(es).
at 41292500 ps(7), Instance /tb_spectra/UUT/u_fft/blk00000001_blk00000922/ : Warning: There is an 'U'|'X'|'W'|'Z'|'-' in an arithmetic operand, the result will be 'X'(es).
at 41417500 ps(6), Instance /tb_spectra/UUT/u_fft/blk00000001_blk0000111f/ : Warning: There is an 'U'|'X'|'W'|'Z'|'-' in an arithmetic operand, the result will be 'X'(es).
at 41417500 ps(6), Instance /tb_spectra/UUT/u_fft/blk00000001_blk0000111f/ : Warning: There is an 'U'|'X'|'W'|'Z'|'-' in an arithmetic operand, the result will be 'X'(es).
at 41417500 ps(6), Instance /tb_spectra/UUT/u_fft/blk00000001_blk0000111f/ : Warning: There is an 'U'|'X'|'W'|'Z'|'-' in an arithmetic operand, the result will be 'X'(es).
at 41427500 ps(6), Instance /tb_spectra/UUT/u_fft/blk00000001_blk00001120/ : Warning: There is an 'U'|'X'|'W'|'Z'|'-' in an arithmetic operand, the result will be 'X'(es).
at 41427500 ps(6), Instance /tb_spectra/UUT/u_fft/blk00000001_blk00001120/ : Warning: There is an 'U'|'X'|'W'|'Z'|'-' in an arithmetic operand, the result will be 'X'(es).
at 41427500 ps(6), Instance /tb_spectra/UUT/u_fft/blk00000001_blk00001120/ : Warning: There is an 'U'|'X'|'W'|'Z'|'-' in an arithmetic operand, the result will be 'X'(es).
at 41427500 ps(6), Instance /tb_spectra/UUT/u_fft/blk00000001_blk0000111e/ : Warning: There is an 'U'|'X'|'W'|'Z'|'-' in an arithmetic operand, the result will be 'X'(es).
at 41427500 ps(6), Instance /tb_spectra/UUT/u_fft/blk00000001_blk0000111e/ : Warning: There is an 'U'|'X'|'W'|'Z'|'-' in an arithmetic operand, the result will be 'X'(es).
at 41427500 ps(6), Instance /tb_spectra/UUT/u_fft/blk00000001_blk0000111e/ : Warning: There is an 'U'|'X'|'W'|'Z'|'-' in an arithmetic operand, the result will be 'X'(es).
at 41427500 ps(7), Instance /tb_spectra/UUT/u_fft/blk00000001_blk00001120/ : Warning: There is an 'U'|'X'|'W'|'Z'|'-' in an arithmetic operand, the result will be 'X'(es).
at 41427500 ps(7), Instance /tb_spectra/UUT/u_fft/blk00000001_blk00001120/ : Warning: There is an 'U'|'X'|'W'|'Z'|'-' in an arithmetic operand, the result will be 'X'(es).
at 41427500 ps(7), Instance /tb_spectra/UUT/u_fft/blk00000001_blk00001120/ : Warning: There is an 'U'|'X'|'W'|'Z'|'-' in an arithmetic operand, the result will be 'X'(es).
at 41427500 ps(7), Instance /tb_spectra/UUT/u_fft/blk00000001_blk0000111e/ : Warning: There is an 'U'|'X'|'W'|'Z'|'-' in an arithmetic operand, the result will be 'X'(es).
at 41427500 ps(7), Instance /tb_spectra/UUT/u_fft/blk00000001_blk0000111e/ : Warning: There is an 'U'|'X'|'W'|'Z'|'-' in an arithmetic operand, the result will be 'X'(es).
at 41427500 ps(7), Instance /tb_spectra/UUT/u_fft/blk00000001_blk0000111e/ : Warning: There is an 'U'|'X'|'W'|'Z'|'-' in an arithmetic operand, the result will be 'X'(es).
at 41842500 ps(6), Instance /tb_spectra/UUT/u_fft/blk00000001_blk00001a6f/ : Warning: There is an 'U'|'X'|'W'|'Z'|'-' in an arithmetic operand, the result will be 'X'(es).
at 41842500 ps(6), Instance /tb_spectra/UUT/u_fft/blk00000001_blk00001a6f/ : Warning: There is an 'U'|'X'|'W'|'Z'|'-' in an arithmetic operand, the result will be 'X'(es).
at 41842500 ps(6), Instance /tb_spectra/UUT/u_fft/blk00000001_blk00001a6f/ : Warning: There is an 'U'|'X'|'W'|'Z'|'-' in an arithmetic operand, the result will be 'X'(es).
at 41852500 ps(6), Instance /tb_spectra/UUT/u_fft/blk00000001_blk00001a70/ : Warning: There is an 'U'|'X'|'W'|'Z'|'-' in an arithmetic operand, the result will be 'X'(es).
at 41852500 ps(6), Instance /tb_spectra/UUT/u_fft/blk00000001_blk00001a70/ : Warning: There is an 'U'|'X'|'W'|'Z'|'-' in an arithmetic operand, the result will be 'X'(es).
at 41852500 ps(6), Instance /tb_spectra/UUT/u_fft/blk00000001_blk00001a70/ : Warning: There is an 'U'|'X'|'W'|'Z'|'-' in an arithmetic operand, the result will be 'X'(es).
at 41852500 ps(6), Instance /tb_spectra/UUT/u_fft/blk00000001_blk00001a6e/ : Warning: There is an 'U'|'X'|'W'|'Z'|'-' in an arithmetic operand, the result will be 'X'(es).
at 41852500 ps(6), Instance /tb_spectra/UUT/u_fft/blk00000001_blk00001a6e/ : Warning: There is an 'U'|'X'|'W'|'Z'|'-' in an arithmetic operand, the result will be 'X'(es).
at 41852500 ps(6), Instance /tb_spectra/UUT/u_fft/blk00000001_blk00001a6e/ : Warning: There is an 'U'|'X'|'W'|'Z'|'-' in an arithmetic operand, the result will be 'X'(es).
at 41852500 ps(7), Instance /tb_spectra/UUT/u_fft/blk00000001_blk00001a70/ : Warning: There is an 'U'|'X'|'W'|'Z'|'-' in an arithmetic operand, the result will be 'X'(es).
at 41852500 ps(7), Instance /tb_spectra/UUT/u_fft/blk00000001_blk00001a70/ : Warning: There is an 'U'|'X'|'W'|'Z'|'-' in an arithmetic operand, the result will be 'X'(es).
at 41852500 ps(7), Instance /tb_spectra/UUT/u_fft/blk00000001_blk00001a70/ : Warning: There is an 'U'|'X'|'W'|'Z'|'-' in an arithmetic operand, the result will be 'X'(es).
at 41852500 ps(7), Instance /tb_spectra/UUT/u_fft/blk00000001_blk00001a6e/ : Warning: There is an 'U'|'X'|'W'|'Z'|'-' in an arithmetic operand, the result will be 'X'(es).
at 41852500 ps(7), Instance /tb_spectra/UUT/u_fft/blk00000001_blk00001a6e/ : Warning: There is an 'U'|'X'|'W'|'Z'|'-' in an arithmetic operand, the result will be 'X'(es).
at 41852500 ps(7), Instance /tb_spectra/UUT/u_fft/blk00000001_blk00001a6e/ : Warning: There is an 'U'|'X'|'W'|'Z'|'-' in an arithmetic operand, the result will be 'X'(es).
at 42422500 ps(6), Instance /tb_spectra/UUT/u_fft/blk00000001_blk00002a49/ : Warning: There is an 'U'|'X'|'W'|'Z'|'-' in an arithmetic operand, the result will be 'X'(es).
at 42422500 ps(6), Instance /tb_spectra/UUT/u_fft/blk00000001_blk00002a49/ : Warning: There is an 'U'|'X'|'W'|'Z'|'-' in an arithmetic operand, the result will be 'X'(es).
at 42422500 ps(6), Instance /tb_spectra/UUT/u_fft/blk00000001_blk00002a49/ : Warning: There is an 'U'|'X'|'W'|'Z'|'-' in an arithmetic operand, the result will be 'X'(es).
at 42427500 ps(6), Instance /tb_spectra/UUT/u_fft/blk00000001_blk00002a4a/ : Warning: There is an 'U'|'X'|'W'|'Z'|'-' in an arithmetic operand, the result will be 'X'(es).
at 42427500 ps(6), Instance /tb_spectra/UUT/u_fft/blk00000001_blk00002a4a/ : Warning: There is an 'U'|'X'|'W'|'Z'|'-' in an arithmetic operand, the result will be 'X'(es).
at 42427500 ps(6), Instance /tb_spectra/UUT/u_fft/blk00000001_blk00002a4a/ : Warning: There is an 'U'|'X'|'W'|'Z'|'-' in an arithmetic operand, the result will be 'X'(es).
at 42427500 ps(7), Instance /tb_spectra/UUT/u_fft/blk00000001_blk00002a4a/ : Warning: There is an 'U'|'X'|'W'|'Z'|'-' in an arithmetic operand, the result will be 'X'(es).
at 42427500 ps(7), Instance /tb_spectra/UUT/u_fft/blk00000001_blk00002a4a/ : Warning: There is an 'U'|'X'|'W'|'Z'|'-' in an arithmetic operand, the result will be 'X'(es).
at 42427500 ps(7), Instance /tb_spectra/UUT/u_fft/blk00000001_blk00002a4a/ : Warning: There is an 'U'|'X'|'W'|'Z'|'-' in an arithmetic operand, the result will be 'X'(es).
at 42427600 ps(3), Instance /tb_spectra/UUT/u_fft/blk00000001_blk00002a4a/ : Warning: There is an 'U'|'X'|'W'|'Z'|'-' in an arithmetic operand, the result will be 'X'(es).
at 42427600 ps(3), Instance /tb_spectra/UUT/u_fft/blk00000001_blk00002a4a/ : Warning: There is an 'U'|'X'|'W'|'Z'|'-' in an arithmetic operand, the result will be 'X'(es).
at 42427600 ps(3), Instance /tb_spectra/UUT/u_fft/blk00000001_blk00002a4a/ : Warning: There is an 'U'|'X'|'W'|'Z'|'-' in an arithmetic operand, the result will be 'X'(es).
at 42437500 ps(6), Instance /tb_spectra/UUT/u_fft/blk00000001_blk00002bbb/ : Warning: There is an 'U'|'X'|'W'|'Z'|'-' in an arithmetic operand, the result will be 'X'(es).
at 42437500 ps(6), Instance /tb_spectra/UUT/u_fft/blk00000001_blk00002bbb/ : Warning: There is an 'U'|'X'|'W'|'Z'|'-' in an arithmetic operand, the result will be 'X'(es).
at 42437500 ps(6), Instance /tb_spectra/UUT/u_fft/blk00000001_blk00002bbb/ : Warning: There is an 'U'|'X'|'W'|'Z'|'-' in an arithmetic operand, the result will be 'X'(es).
at 42437500 ps(6), Instance /tb_spectra/UUT/u_fft/blk00000001_blk00002b52/ : Warning: There is an 'U'|'X'|'W'|'Z'|'-' in an arithmetic operand, the result will be 'X'(es).
at 42437500 ps(6), Instance /tb_spectra/UUT/u_fft/blk00000001_blk00002b52/ : Warning: There is an 'U'|'X'|'W'|'Z'|'-' in an arithmetic operand, the result will be 'X'(es).
at 42437500 ps(6), Instance /tb_spectra/UUT/u_fft/blk00000001_blk00002b52/ : Warning: There is an 'U'|'X'|'W'|'Z'|'-' in an arithmetic operand, the result will be 'X'(es).
at 42437500 ps(7), Instance /tb_spectra/UUT/u_fft/blk00000001_blk00002bbb/ : Warning: There is an 'U'|'X'|'W'|'Z'|'-' in an arithmetic operand, the result will be 'X'(es).
at 42437500 ps(7), Instance /tb_spectra/UUT/u_fft/blk00000001_blk00002bbb/ : Warning: There is an 'U'|'X'|'W'|'Z'|'-' in an arithmetic operand, the result will be 'X'(es).
at 42437500 ps(7), Instance /tb_spectra/UUT/u_fft/blk00000001_blk00002bbb/ : Warning: There is an 'U'|'X'|'W'|'Z'|'-' in an arithmetic operand, the result will be 'X'(es).
at 42437500 ps(7), Instance /tb_spectra/UUT/u_fft/blk00000001_blk00002b52/ : Warning: There is an 'U'|'X'|'W'|'Z'|'-' in an arithmetic operand, the result will be 'X'(es).
at 42437500 ps(7), Instance /tb_spectra/UUT/u_fft/blk00000001_blk00002b52/ : Warning: There is an 'U'|'X'|'W'|'Z'|'-' in an arithmetic operand, the result will be 'X'(es).
at 42437500 ps(7), Instance /tb_spectra/UUT/u_fft/blk00000001_blk00002b52/ : Warning: There is an 'U'|'X'|'W'|'Z'|'-' in an arithmetic operand, the result will be 'X'(es).
at 42442500 ps(6), Instance /tb_spectra/UUT/u_fft/blk00000001_blk00002bba/ : Warning: There is an 'U'|'X'|'W'|'Z'|'-' in an arithmetic operand, the result will be 'X'(es).
at 42442500 ps(6), Instance /tb_spectra/UUT/u_fft/blk00000001_blk00002bba/ : Warning: There is an 'U'|'X'|'W'|'Z'|'-' in an arithmetic operand, the result will be 'X'(es).
at 42442500 ps(6), Instance /tb_spectra/UUT/u_fft/blk00000001_blk00002bba/ : Warning: There is an 'U'|'X'|'W'|'Z'|'-' in an arithmetic operand, the result will be 'X'(es).
at 42442500 ps(6), Instance /tb_spectra/UUT/u_fft/blk00000001_blk00002b51/ : Warning: There is an 'U'|'X'|'W'|'Z'|'-' in an arithmetic operand, the result will be 'X'(es).
at 42442500 ps(6), Instance /tb_spectra/UUT/u_fft/blk00000001_blk00002b51/ : Warning: There is an 'U'|'X'|'W'|'Z'|'-' in an arithmetic operand, the result will be 'X'(es).
at 42442500 ps(6), Instance /tb_spectra/UUT/u_fft/blk00000001_blk00002b51/ : Warning: There is an 'U'|'X'|'W'|'Z'|'-' in an arithmetic operand, the result will be 'X'(es).
at 42442500 ps(7), Instance /tb_spectra/UUT/u_fft/blk00000001_blk00002bba/ : Warning: There is an 'U'|'X'|'W'|'Z'|'-' in an arithmetic operand, the result will be 'X'(es).
at 42442500 ps(7), Instance /tb_spectra/UUT/u_fft/blk00000001_blk00002bba/ : Warning: There is an 'U'|'X'|'W'|'Z'|'-' in an arithmetic operand, the result will be 'X'(es).
at 42442500 ps(7), Instance /tb_spectra/UUT/u_fft/blk00000001_blk00002bba/ : Warning: There is an 'U'|'X'|'W'|'Z'|'-' in an arithmetic operand, the result will be 'X'(es).
at 42442500 ps(7), Instance /tb_spectra/UUT/u_fft/blk00000001_blk00002b51/ : Warning: There is an 'U'|'X'|'W'|'Z'|'-' in an arithmetic operand, the result will be 'X'(es).
at 42442500 ps(7), Instance /tb_spectra/UUT/u_fft/blk00000001_blk00002b51/ : Warning: There is an 'U'|'X'|'W'|'Z'|'-' in an arithmetic operand, the result will be 'X'(es).
at 42442500 ps(7), Instance /tb_spectra/UUT/u_fft/blk00000001_blk00002b51/ : Warning: There is an 'U'|'X'|'W'|'Z'|'-' in an arithmetic operand, the result will be 'X'(es).
at 42442600 ps(3), Instance /tb_spectra/UUT/u_fft/blk00000001_blk00002bba/ : Warning: There is an 'U'|'X'|'W'|'Z'|'-' in an arithmetic operand, the result will be 'X'(es).
at 42442600 ps(3), Instance /tb_spectra/UUT/u_fft/blk00000001_blk00002bba/ : Warning: There is an 'U'|'X'|'W'|'Z'|'-' in an arithmetic operand, the result will be 'X'(es).
at 42442600 ps(3), Instance /tb_spectra/UUT/u_fft/blk00000001_blk00002bba/ : Warning: There is an 'U'|'X'|'W'|'Z'|'-' in an arithmetic operand, the result will be 'X'(es).
at 42442600 ps(3), Instance /tb_spectra/UUT/u_fft/blk00000001_blk00002b51/ : Warning: There is an 'U'|'X'|'W'|'Z'|'-' in an arithmetic operand, the result will be 'X'(es).
at 42442600 ps(3), Instance /tb_spectra/UUT/u_fft/blk00000001_blk00002b51/ : Warning: There is an 'U'|'X'|'W'|'Z'|'-' in an arithmetic operand, the result will be 'X'(es).
at 42442600 ps(3), Instance /tb_spectra/UUT/u_fft/blk00000001_blk00002b51/ : Warning: There is an 'U'|'X'|'W'|'Z'|'-' in an arithmetic operand, the result will be 'X'(es).
Stopped at time : 161842500 ps : File "/home/ise/Desktop/fft_direct/fifo_fft_interface.vhd" Line 35
# exit 0
